# started: Mon Mar  1 11:11:20 2021
# groups: 1
#   0
#     xlabel: "x", ylabel: "a cubic function", yscales: "linear"
#     names: "x^3"
#     plot_kwargs: "{}"
0: 0.0: 0.00000e+00
0: 0.06314759102693052: 2.51808e-04
0: 0.12629518205386103: 2.01447e-03
0: 0.18944277308079155: 6.79883e-03
0: 0.25259036410772207: 1.61157e-02
0: 0.3157379551346526: 3.14761e-02
0: 0.3788855461615831: 5.43906e-02
0: 0.4420331371885136: 8.63703e-02
0: 0.5051807282154441: 1.28926e-01
0: 0.5683283192423747: 1.83568e-01
0: 0.6314759102693052: 2.51808e-01
0: 0.6946235012962356: 3.35157e-01
0: 0.7577710923231662: 4.35125e-01
0: 0.8209186833500968: 5.53223e-01
0: 0.8840662743770272: 6.90962e-01
0: 0.9472138654039577: 8.49854e-01
0: 1.0103614564308883: 1.03141e+00
0: 1.0735090474578188: 1.23714e+00
0: 1.1366566384847494: 1.46855e+00
0: 1.1998042295116798: 1.72715e+00
0: 1.2629518205386103: 2.01447e+00
0: 1.326099411565541: 2.33200e+00
0: 1.3892470025924712: 2.68126e+00
0: 1.4523945936194018: 3.06375e+00
0: 1.5155421846463324: 3.48100e+00
0: 1.578689775673263: 3.93451e+00
0: 1.6418373667001935: 4.42579e+00
0: 1.7049849577271239: 4.95635e+00
0: 1.7681325487540545: 5.52770e+00
0: 1.831280139780985: 6.14136e+00
0: 1.8944277308079154: 6.79883e+00
0: 1.957575321834846: 7.50163e+00
0: 2.0207229128617765: 8.25126e+00
0: 2.083870503888707: 9.04924e+00
0: 2.1470180949156377: 9.89708e+00
0: 2.210165685942568: 1.07963e+01
0: 2.273313276969499: 1.17484e+01
0: 2.336460867996429: 1.27549e+01
0: 2.3996084590233595: 1.38172e+01
0: 2.4627560500502903: 1.49370e+01
0: 2.5259036410772207: 1.61157e+01
0: 2.589051232104151: 1.73549e+01
0: 2.652198823131082: 1.86560e+01
0: 2.715346414158012: 2.00205e+01
0: 2.7784940051849425: 2.14501e+01
0: 2.8416415962118733: 2.29460e+01
0: 2.9047891872388036: 2.45100e+01
0: 2.9679367782657344: 2.61435e+01
0: 3.031084369292665: 2.78480e+01
0: 3.094231960319595: 2.96250e+01
0: 3.157379551346526: 3.14761e+01
0: 3.2205271423734563: 3.34026e+01
0: 3.283674733400387: 3.54063e+01
0: 3.3468223244273174: 3.74885e+01
0: 3.4099699154542478: 3.96508e+01
0: 3.4731175064811786: 4.18946e+01
0: 3.536265097508109: 4.42216e+01
0: 3.5994126885350393: 4.66332e+01
0: 3.66256027956197: 4.91309e+01
0: 3.7257078705889004: 5.17162e+01
0: 3.7888554616158308: 5.43906e+01
0: 3.8520030526427615: 5.71557e+01
0: 3.915150643669692: 6.00130e+01
0: 3.9782982346966227: 6.29640e+01
0: 4.041445825723553: 6.60101e+01
0: 4.104593416750483: 6.91529e+01
0: 4.167741007777414: 7.23939e+01
0: 4.230888598804345: 7.57347e+01
0: 4.294036189831275: 7.91766e+01
0: 4.357183780858206: 8.27214e+01
0: 4.420331371885136: 8.63703e+01
0: 4.483478962912066: 9.01250e+01
0: 4.546626553938998: 9.39870e+01
0: 4.609774144965928: 9.79578e+01
0: 4.672921735992858: 1.02039e+02
0: 4.736069327019789: 1.06232e+02
0: 4.799216918046719: 1.10538e+02
0: 4.862364509073649: 1.14959e+02
0: 4.925512100100581: 1.19496e+02
0: 4.988659691127511: 1.24151e+02
0: 5.051807282154441: 1.28926e+02
0: 5.114954873181372: 1.33821e+02
0: 5.178102464208302: 1.38839e+02
0: 5.241250055235233: 1.43981e+02
0: 5.304397646262164: 1.49248e+02
0: 5.367545237289094: 1.54642e+02
0: 5.430692828316024: 1.60164e+02
0: 5.493840419342955: 1.65817e+02
0: 5.556988010369885: 1.71600e+02
0: 5.620135601396816: 1.77517e+02
0: 5.683283192423747: 1.83568e+02
0: 5.746430783450677: 1.89756e+02
0: 5.809578374477607: 1.96080e+02
0: 5.872725965504538: 2.02544e+02
0: 5.935873556531469: 2.09148e+02
0: 5.999021147558399: 2.15894e+02
0: 6.06216873858533: 2.22784e+02
0: 6.12531632961226: 2.29819e+02
0: 6.18846392063919: 2.37000e+02
0: 6.2516115116661215: 2.44330e+02
0: 6.314759102693052: 2.51808e+02
0: 6.377906693719982: 2.59439e+02
0: 6.4410542847469126: 2.67221e+02
0: 6.504201875773843: 2.75158e+02
0: 6.567349466800774: 2.83250e+02
0: 6.6304970578277045: 2.91500e+02
# ended: Mon Mar  1 11:11:21 2021
