Performing C++ SOURCE FILE Test W_NO_CLASS_MEMACCESS failed with the following output:
Change Dir: /tmp/gs/builtin/6aec4a09354847f874213d08c0389c2871f97dbfc0087ad89132e352bf81ffa3/CMakeFiles/CMakeTmp

Run Build Command(s):/usr/bin/make -f Makefile cmTC_0667b/fast && /Applications/Xcode_12.4.app/Contents/Developer/usr/bin/make  -f CMakeFiles/cmTC_0667b.dir/build.make CMakeFiles/cmTC_0667b.dir/build
Building CXX object CMakeFiles/cmTC_0667b.dir/src.cxx.o
/usr/local/opt/llvm/bin/clang++ -DW_NO_CLASS_MEMACCESS  -Wall -O0 -g  -isysroot /Applications/Xcode_12.4.app/Contents/Developer/Platforms/MacOSX.platform/Developer/SDKs/MacOSX11.1.sdk -mmacosx-version-min=10.15   -Wno-class-memaccess -MD -MT CMakeFiles/cmTC_0667b.dir/src.cxx.o -MF CMakeFiles/cmTC_0667b.dir/src.cxx.o.d -o CMakeFiles/cmTC_0667b.dir/src.cxx.o -c /tmp/gs/builtin/6aec4a09354847f874213d08c0389c2871f97dbfc0087ad89132e352bf81ffa3/CMakeFiles/CMakeTmp/src.cxx
warning: unknown warning option '-Wno-class-memaccess'; did you mean '-Wno-class-varargs'? [-Wunknown-warning-option]
1 warning generated.
Linking CXX executable cmTC_0667b
/usr/local/Cellar/cmake/3.24.1/bin/cmake -E cmake_link_script CMakeFiles/cmTC_0667b.dir/link.txt --verbose=1
/usr/local/opt/llvm/bin/clang++  -Wall -O0 -g  -isysroot /Applications/Xcode_12.4.app/Contents/Developer/Platforms/MacOSX.platform/Developer/SDKs/MacOSX11.1.sdk -mmacosx-version-min=10.15 -Wl,-search_paths_first -Wl,-headerpad_max_install_names CMakeFiles/cmTC_0667b.dir/src.cxx.o -o cmTC_0667b 


Source file was:
int main() { return 0; }
Performing C++ SOURCE FILE Test W_NO_STRINGOP_OVERFLOW failed with the following output:
Change Dir: /tmp/gs/builtin/6aec4a09354847f874213d08c0389c2871f97dbfc0087ad89132e352bf81ffa3/CMakeFiles/CMakeTmp

Run Build Command(s):/usr/bin/make -f Makefile cmTC_cb57e/fast && /Applications/Xcode_12.4.app/Contents/Developer/usr/bin/make  -f CMakeFiles/cmTC_cb57e.dir/build.make CMakeFiles/cmTC_cb57e.dir/build
Building CXX object CMakeFiles/cmTC_cb57e.dir/src.cxx.o
/usr/local/opt/llvm/bin/clang++ -DW_NO_STRINGOP_OVERFLOW  -Wall -O0 -g  -isysroot /Applications/Xcode_12.4.app/Contents/Developer/Platforms/MacOSX.platform/Developer/SDKs/MacOSX11.1.sdk -mmacosx-version-min=10.15   -Wno-stringop-overflow -MD -MT CMakeFiles/cmTC_cb57e.dir/src.cxx.o -MF CMakeFiles/cmTC_cb57e.dir/src.cxx.o.d -o CMakeFiles/cmTC_cb57e.dir/src.cxx.o -c /tmp/gs/builtin/6aec4a09354847f874213d08c0389c2871f97dbfc0087ad89132e352bf81ffa3/CMakeFiles/CMakeTmp/src.cxx
warning: unknown warning option '-Wno-stringop-overflow'; did you mean '-Wno-shift-overflow'? [-Wunknown-warning-option]
1 warning generated.
Linking CXX executable cmTC_cb57e
/usr/local/Cellar/cmake/3.24.1/bin/cmake -E cmake_link_script CMakeFiles/cmTC_cb57e.dir/link.txt --verbose=1
/usr/local/opt/llvm/bin/clang++  -Wall -O0 -g  -isysroot /Applications/Xcode_12.4.app/Contents/Developer/Platforms/MacOSX.platform/Developer/SDKs/MacOSX11.1.sdk -mmacosx-version-min=10.15 -Wl,-search_paths_first -Wl,-headerpad_max_install_names CMakeFiles/cmTC_cb57e.dir/src.cxx.o -o cmTC_cb57e 


Source file was:
int main() { return 0; }
