The system is: Darwin - 19.6.0 - x86_64
Compiling the C compiler identification source file "CMakeCCompilerId.c" succeeded.
Compiler: /usr/local/opt/llvm/bin/clang 
Build flags: 
Id flags:  

The output was:
0


Compilation of the C compiler identification source "CMakeCCompilerId.c" produced "a.out"

The C compiler identification is Clang, found in "/tmp/gs/builtin/6aec4a09354847f874213d08c0389c2871f97dbfc0087ad89132e352bf81ffa3/CMakeFiles/3.24.1/CompilerIdC/a.out"

Compiling the CXX compiler identification source file "CMakeCXXCompilerId.cpp" succeeded.
Compiler: /usr/local/opt/llvm/bin/clang++ 
Build flags: 
Id flags:  

The output was:
0


Compilation of the CXX compiler identification source "CMakeCXXCompilerId.cpp" produced "a.out"

The CXX compiler identification is Clang, found in "/tmp/gs/builtin/6aec4a09354847f874213d08c0389c2871f97dbfc0087ad89132e352bf81ffa3/CMakeFiles/3.24.1/CompilerIdCXX/a.out"

Detecting C compiler ABI info compiled with the following output:
Change Dir: /tmp/gs/builtin/6aec4a09354847f874213d08c0389c2871f97dbfc0087ad89132e352bf81ffa3/CMakeFiles/CMakeTmp

Run Build Command(s):/usr/bin/make -f Makefile cmTC_a5b0e/fast && /Applications/Xcode_12.4.app/Contents/Developer/usr/bin/make  -f CMakeFiles/cmTC_a5b0e.dir/build.make CMakeFiles/cmTC_a5b0e.dir/build
Building C object CMakeFiles/cmTC_a5b0e.dir/CMakeCCompilerABI.c.o
/usr/local/opt/llvm/bin/clang   -isysroot /Applications/Xcode_12.4.app/Contents/Developer/Platforms/MacOSX.platform/Developer/SDKs/MacOSX11.1.sdk -mmacosx-version-min=10.15   -v -Wl,-v -MD -MT CMakeFiles/cmTC_a5b0e.dir/CMakeCCompilerABI.c.o -MF CMakeFiles/cmTC_a5b0e.dir/CMakeCCompilerABI.c.o.d -o CMakeFiles/cmTC_a5b0e.dir/CMakeCCompilerABI.c.o -c /usr/local/Cellar/cmake/3.24.1/share/cmake/Modules/CMakeCCompilerABI.c
Homebrew clang version 14.0.6
Target: x86_64-apple-darwin19.6.0
Thread model: posix
InstalledDir: /usr/local/opt/llvm/bin
clang-14: warning: -Wl,-v: 'linker' input unused [-Wunused-command-line-argument]
 (in-process)
 "/usr/local/Cellar/llvm/14.0.6_1/bin/clang-14" -cc1 -triple x86_64-apple-macosx10.15.0 -Wundef-prefix=TARGET_OS_ -Werror=undef-prefix -Wdeprecated-objc-isa-usage -Werror=deprecated-objc-isa-usage -emit-obj -mrelax-all --mrelax-relocations -disable-free -clear-ast-before-backend -disable-llvm-verifier -discard-value-names -main-file-name CMakeCCompilerABI.c -mrelocation-model pic -pic-level 2 -mframe-pointer=all -ffp-contract=on -fno-rounding-math -funwind-tables=2 -target-sdk-version=11.1 -fcompatibility-qualified-id-block-type-checking -fvisibility-inlines-hidden-static-local-var -target-cpu penryn -tune-cpu generic -mllvm -treat-scalable-fixed-error-as-warning -debugger-tuning=lldb -target-linker-version 609.8 -v -fcoverage-compilation-dir=/private/tmp/gs/builtin/6aec4a09354847f874213d08c0389c2871f97dbfc0087ad89132e352bf81ffa3/CMakeFiles/CMakeTmp -resource-dir /usr/local/Cellar/llvm/14.0.6_1/lib/clang/14.0.6 -dependency-file CMakeFiles/cmTC_a5b0e.dir/CMakeCCompilerABI.c.o.d -MT CMakeFiles/cmTC_a5b0e.dir/CMakeCCompilerABI.c.o -sys-header-deps -isysroot /Applications/Xcode_12.4.app/Contents/Developer/Platforms/MacOSX.platform/Developer/SDKs/MacOSX11.1.sdk -internal-isystem /Applications/Xcode_12.4.app/Contents/Developer/Platforms/MacOSX.platform/Developer/SDKs/MacOSX11.1.sdk/usr/local/include -internal-isystem /usr/local/Cellar/llvm/14.0.6_1/lib/clang/14.0.6/include -internal-externc-isystem /Applications/Xcode_12.4.app/Contents/Developer/Platforms/MacOSX.platform/Developer/SDKs/MacOSX11.1.sdk/usr/include -fdebug-compilation-dir=/private/tmp/gs/builtin/6aec4a09354847f874213d08c0389c2871f97dbfc0087ad89132e352bf81ffa3/CMakeFiles/CMakeTmp -ferror-limit 19 -stack-protector 1 -fblocks -fencode-extended-block-signature -fregister-global-dtors-with-atexit -fgnuc-version=4.2.1 -fmax-type-align=16 -D__GCC_HAVE_DWARF2_CFI_ASM=1 -o CMakeFiles/cmTC_a5b0e.dir/CMakeCCompilerABI.c.o -x c /usr/local/Cellar/cmake/3.24.1/share/cmake/Modules/CMakeCCompilerABI.c
clang -cc1 version 14.0.6 based upon LLVM 14.0.6 default target x86_64-apple-darwin19.6.0
ignoring nonexistent directory "/Applications/Xcode_12.4.app/Contents/Developer/Platforms/MacOSX.platform/Developer/SDKs/MacOSX11.1.sdk/usr/local/include"
ignoring nonexistent directory "/Applications/Xcode_12.4.app/Contents/Developer/Platforms/MacOSX.platform/Developer/SDKs/MacOSX11.1.sdk/Library/Frameworks"
#include "..." search starts here:
#include <...> search starts here:
 /usr/local/Cellar/llvm/14.0.6_1/lib/clang/14.0.6/include
 /Applications/Xcode_12.4.app/Contents/Developer/Platforms/MacOSX.platform/Developer/SDKs/MacOSX11.1.sdk/usr/include
 /Applications/Xcode_12.4.app/Contents/Developer/Platforms/MacOSX.platform/Developer/SDKs/MacOSX11.1.sdk/System/Library/Frameworks (framework directory)
End of search list.
Linking C executable cmTC_a5b0e
/usr/local/Cellar/cmake/3.24.1/bin/cmake -E cmake_link_script CMakeFiles/cmTC_a5b0e.dir/link.txt --verbose=1
/usr/local/opt/llvm/bin/clang  -isysroot /Applications/Xcode_12.4.app/Contents/Developer/Platforms/MacOSX.platform/Developer/SDKs/MacOSX11.1.sdk -mmacosx-version-min=10.15 -Wl,-search_paths_first -Wl,-headerpad_max_install_names  -v -Wl,-v CMakeFiles/cmTC_a5b0e.dir/CMakeCCompilerABI.c.o -o cmTC_a5b0e 
Homebrew clang version 14.0.6
Target: x86_64-apple-darwin19.6.0
Thread model: posix
InstalledDir: /usr/local/opt/llvm/bin
 "/usr/bin/ld" -demangle -lto_library /usr/local/Cellar/llvm/14.0.6_1/lib/libLTO.dylib -dynamic -arch x86_64 -platform_version macos 10.15.0 11.1 -syslibroot /Library/Developer/CommandLineTools/SDKs/MacOSX10.15.sdk -o cmTC_a5b0e -search_paths_first -headerpad_max_install_names -v CMakeFiles/cmTC_a5b0e.dir/CMakeCCompilerABI.c.o -lSystem /usr/local/Cellar/llvm/14.0.6_1/lib/clang/14.0.6/lib/darwin/libclang_rt.osx.a
@(#)PROGRAM:ld  PROJECT:ld64-609.8
BUILD 15:07:46 Dec 18 2020
configured to support archs: armv6 armv7 armv7s arm64 arm64e arm64_32 i386 x86_64 x86_64h armv6m armv7k armv7m armv7em
Library search paths:
	/Library/Developer/CommandLineTools/SDKs/MacOSX10.15.sdk/usr/lib
Framework search paths:
	/Library/Developer/CommandLineTools/SDKs/MacOSX10.15.sdk/System/Library/Frameworks/



Parsed C implicit include dir info from above output: rv=done
  found start of include info
  found start of implicit include info
    add: [/usr/local/Cellar/llvm/14.0.6_1/lib/clang/14.0.6/include]
    add: [/Applications/Xcode_12.4.app/Contents/Developer/Platforms/MacOSX.platform/Developer/SDKs/MacOSX11.1.sdk/usr/include]
  end of search list found
  collapse include dir [/usr/local/Cellar/llvm/14.0.6_1/lib/clang/14.0.6/include] ==> [/usr/local/Cellar/llvm/14.0.6_1/lib/clang/14.0.6/include]
  collapse include dir [/Applications/Xcode_12.4.app/Contents/Developer/Platforms/MacOSX.platform/Developer/SDKs/MacOSX11.1.sdk/usr/include] ==> [/Applications/Xcode_12.4.app/Contents/Developer/Platforms/MacOSX.platform/Developer/SDKs/MacOSX11.1.sdk/usr/include]
  implicit include dirs: [/usr/local/Cellar/llvm/14.0.6_1/lib/clang/14.0.6/include;/Applications/Xcode_12.4.app/Contents/Developer/Platforms/MacOSX.platform/Developer/SDKs/MacOSX11.1.sdk/usr/include]


Parsed C implicit link information from above output:
  link line regex: [^( *|.*[/\])(ld\.lld|CMAKE_LINK_STARTFILE-NOTFOUND|([^/\]+-)?ld|collect2)[^/\]*( |$)]
  ignore line: [Change Dir: /tmp/gs/builtin/6aec4a09354847f874213d08c0389c2871f97dbfc0087ad89132e352bf81ffa3/CMakeFiles/CMakeTmp]
  ignore line: []
  ignore line: [Run Build Command(s):/usr/bin/make -f Makefile cmTC_a5b0e/fast && /Applications/Xcode_12.4.app/Contents/Developer/usr/bin/make  -f CMakeFiles/cmTC_a5b0e.dir/build.make CMakeFiles/cmTC_a5b0e.dir/build]
  ignore line: [Building C object CMakeFiles/cmTC_a5b0e.dir/CMakeCCompilerABI.c.o]
  ignore line: [/usr/local/opt/llvm/bin/clang   -isysroot /Applications/Xcode_12.4.app/Contents/Developer/Platforms/MacOSX.platform/Developer/SDKs/MacOSX11.1.sdk -mmacosx-version-min=10.15   -v -Wl -v -MD -MT CMakeFiles/cmTC_a5b0e.dir/CMakeCCompilerABI.c.o -MF CMakeFiles/cmTC_a5b0e.dir/CMakeCCompilerABI.c.o.d -o CMakeFiles/cmTC_a5b0e.dir/CMakeCCompilerABI.c.o -c /usr/local/Cellar/cmake/3.24.1/share/cmake/Modules/CMakeCCompilerABI.c]
  ignore line: [Homebrew clang version 14.0.6]
  ignore line: [Target: x86_64-apple-darwin19.6.0]
  ignore line: [Thread model: posix]
  ignore line: [InstalledDir: /usr/local/opt/llvm/bin]
  ignore line: [clang-14: warning: -Wl -v: 'linker' input unused [-Wunused-command-line-argument]]
  ignore line: [ (in-process)]
  ignore line: [ "/usr/local/Cellar/llvm/14.0.6_1/bin/clang-14" -cc1 -triple x86_64-apple-macosx10.15.0 -Wundef-prefix=TARGET_OS_ -Werror=undef-prefix -Wdeprecated-objc-isa-usage -Werror=deprecated-objc-isa-usage -emit-obj -mrelax-all --mrelax-relocations -disable-free -clear-ast-before-backend -disable-llvm-verifier -discard-value-names -main-file-name CMakeCCompilerABI.c -mrelocation-model pic -pic-level 2 -mframe-pointer=all -ffp-contract=on -fno-rounding-math -funwind-tables=2 -target-sdk-version=11.1 -fcompatibility-qualified-id-block-type-checking -fvisibility-inlines-hidden-static-local-var -target-cpu penryn -tune-cpu generic -mllvm -treat-scalable-fixed-error-as-warning -debugger-tuning=lldb -target-linker-version 609.8 -v -fcoverage-compilation-dir=/private/tmp/gs/builtin/6aec4a09354847f874213d08c0389c2871f97dbfc0087ad89132e352bf81ffa3/CMakeFiles/CMakeTmp -resource-dir /usr/local/Cellar/llvm/14.0.6_1/lib/clang/14.0.6 -dependency-file CMakeFiles/cmTC_a5b0e.dir/CMakeCCompilerABI.c.o.d -MT CMakeFiles/cmTC_a5b0e.dir/CMakeCCompilerABI.c.o -sys-header-deps -isysroot /Applications/Xcode_12.4.app/Contents/Developer/Platforms/MacOSX.platform/Developer/SDKs/MacOSX11.1.sdk -internal-isystem /Applications/Xcode_12.4.app/Contents/Developer/Platforms/MacOSX.platform/Developer/SDKs/MacOSX11.1.sdk/usr/local/include -internal-isystem /usr/local/Cellar/llvm/14.0.6_1/lib/clang/14.0.6/include -internal-externc-isystem /Applications/Xcode_12.4.app/Contents/Developer/Platforms/MacOSX.platform/Developer/SDKs/MacOSX11.1.sdk/usr/include -fdebug-compilation-dir=/private/tmp/gs/builtin/6aec4a09354847f874213d08c0389c2871f97dbfc0087ad89132e352bf81ffa3/CMakeFiles/CMakeTmp -ferror-limit 19 -stack-protector 1 -fblocks -fencode-extended-block-signature -fregister-global-dtors-with-atexit -fgnuc-version=4.2.1 -fmax-type-align=16 -D__GCC_HAVE_DWARF2_CFI_ASM=1 -o CMakeFiles/cmTC_a5b0e.dir/CMakeCCompilerABI.c.o -x c /usr/local/Cellar/cmake/3.24.1/share/cmake/Modules/CMakeCCompilerABI.c]
  ignore line: [clang -cc1 version 14.0.6 based upon LLVM 14.0.6 default target x86_64-apple-darwin19.6.0]
  ignore line: [ignoring nonexistent directory "/Applications/Xcode_12.4.app/Contents/Developer/Platforms/MacOSX.platform/Developer/SDKs/MacOSX11.1.sdk/usr/local/include"]
  ignore line: [ignoring nonexistent directory "/Applications/Xcode_12.4.app/Contents/Developer/Platforms/MacOSX.platform/Developer/SDKs/MacOSX11.1.sdk/Library/Frameworks"]
  ignore line: [#include "..." search starts here:]
  ignore line: [#include <...> search starts here:]
  ignore line: [ /usr/local/Cellar/llvm/14.0.6_1/lib/clang/14.0.6/include]
  ignore line: [ /Applications/Xcode_12.4.app/Contents/Developer/Platforms/MacOSX.platform/Developer/SDKs/MacOSX11.1.sdk/usr/include]
  ignore line: [ /Applications/Xcode_12.4.app/Contents/Developer/Platforms/MacOSX.platform/Developer/SDKs/MacOSX11.1.sdk/System/Library/Frameworks (framework directory)]
  ignore line: [End of search list.]
  ignore line: [Linking C executable cmTC_a5b0e]
  ignore line: [/usr/local/Cellar/cmake/3.24.1/bin/cmake -E cmake_link_script CMakeFiles/cmTC_a5b0e.dir/link.txt --verbose=1]
  ignore line: [/usr/local/opt/llvm/bin/clang  -isysroot /Applications/Xcode_12.4.app/Contents/Developer/Platforms/MacOSX.platform/Developer/SDKs/MacOSX11.1.sdk -mmacosx-version-min=10.15 -Wl -search_paths_first -Wl -headerpad_max_install_names  -v -Wl -v CMakeFiles/cmTC_a5b0e.dir/CMakeCCompilerABI.c.o -o cmTC_a5b0e ]
  ignore line: [Homebrew clang version 14.0.6]
  ignore line: [Target: x86_64-apple-darwin19.6.0]
  ignore line: [Thread model: posix]
  ignore line: [InstalledDir: /usr/local/opt/llvm/bin]
  link line: [ "/usr/bin/ld" -demangle -lto_library /usr/local/Cellar/llvm/14.0.6_1/lib/libLTO.dylib -dynamic -arch x86_64 -platform_version macos 10.15.0 11.1 -syslibroot /Library/Developer/CommandLineTools/SDKs/MacOSX10.15.sdk -o cmTC_a5b0e -search_paths_first -headerpad_max_install_names -v CMakeFiles/cmTC_a5b0e.dir/CMakeCCompilerABI.c.o -lSystem /usr/local/Cellar/llvm/14.0.6_1/lib/clang/14.0.6/lib/darwin/libclang_rt.osx.a]
    arg [/usr/bin/ld] ==> ignore
    arg [-demangle] ==> ignore
    arg [-lto_library] ==> ignore, skip following value
    arg [/usr/local/Cellar/llvm/14.0.6_1/lib/libLTO.dylib] ==> skip value of -lto_library
    arg [-dynamic] ==> ignore
    arg [-arch] ==> ignore
    arg [x86_64] ==> ignore
    arg [-platform_version] ==> ignore
    arg [macos] ==> ignore
    arg [10.15.0] ==> ignore
    arg [11.1] ==> ignore
    arg [-syslibroot] ==> ignore
    arg [/Library/Developer/CommandLineTools/SDKs/MacOSX10.15.sdk] ==> ignore
    arg [-o] ==> ignore
    arg [cmTC_a5b0e] ==> ignore
    arg [-search_paths_first] ==> ignore
    arg [-headerpad_max_install_names] ==> ignore
    arg [-v] ==> ignore
    arg [CMakeFiles/cmTC_a5b0e.dir/CMakeCCompilerABI.c.o] ==> ignore
    arg [-lSystem] ==> lib [System]
    arg [/usr/local/Cellar/llvm/14.0.6_1/lib/clang/14.0.6/lib/darwin/libclang_rt.osx.a] ==> lib [/usr/local/Cellar/llvm/14.0.6_1/lib/clang/14.0.6/lib/darwin/libclang_rt.osx.a]
  Library search paths: [;/Library/Developer/CommandLineTools/SDKs/MacOSX10.15.sdk/usr/lib]
  Framework search paths: [;/Library/Developer/CommandLineTools/SDKs/MacOSX10.15.sdk/System/Library/Frameworks/]
  remove lib [System]
  remove lib [/usr/local/Cellar/llvm/14.0.6_1/lib/clang/14.0.6/lib/darwin/libclang_rt.osx.a]
  collapse library dir [/Library/Developer/CommandLineTools/SDKs/MacOSX10.15.sdk/usr/lib] ==> [/Library/Developer/CommandLineTools/SDKs/MacOSX10.15.sdk/usr/lib]
  collapse framework dir [/Library/Developer/CommandLineTools/SDKs/MacOSX10.15.sdk/System/Library/Frameworks/] ==> [/Library/Developer/CommandLineTools/SDKs/MacOSX10.15.sdk/System/Library/Frameworks]
  implicit libs: []
  implicit objs: []
  implicit dirs: [/Library/Developer/CommandLineTools/SDKs/MacOSX10.15.sdk/usr/lib]
  implicit fwks: [/Library/Developer/CommandLineTools/SDKs/MacOSX10.15.sdk/System/Library/Frameworks]


Detecting CXX compiler ABI info compiled with the following output:
Change Dir: /tmp/gs/builtin/6aec4a09354847f874213d08c0389c2871f97dbfc0087ad89132e352bf81ffa3/CMakeFiles/CMakeTmp

Run Build Command(s):/usr/bin/make -f Makefile cmTC_d67ec/fast && /Applications/Xcode_12.4.app/Contents/Developer/usr/bin/make  -f CMakeFiles/cmTC_d67ec.dir/build.make CMakeFiles/cmTC_d67ec.dir/build
Building CXX object CMakeFiles/cmTC_d67ec.dir/CMakeCXXCompilerABI.cpp.o
/usr/local/opt/llvm/bin/clang++   -isysroot /Applications/Xcode_12.4.app/Contents/Developer/Platforms/MacOSX.platform/Developer/SDKs/MacOSX11.1.sdk -mmacosx-version-min=10.15   -v -Wl,-v -MD -MT CMakeFiles/cmTC_d67ec.dir/CMakeCXXCompilerABI.cpp.o -MF CMakeFiles/cmTC_d67ec.dir/CMakeCXXCompilerABI.cpp.o.d -o CMakeFiles/cmTC_d67ec.dir/CMakeCXXCompilerABI.cpp.o -c /usr/local/Cellar/cmake/3.24.1/share/cmake/Modules/CMakeCXXCompilerABI.cpp
Homebrew clang version 14.0.6
Target: x86_64-apple-darwin19.6.0
Thread model: posix
InstalledDir: /usr/local/opt/llvm/bin
clang-14: warning: -Wl,-v: 'linker' input unused [-Wunused-command-line-argument]
 (in-process)
 "/usr/local/Cellar/llvm/14.0.6_1/bin/clang-14" -cc1 -triple x86_64-apple-macosx10.15.0 -Wundef-prefix=TARGET_OS_ -Werror=undef-prefix -Wdeprecated-objc-isa-usage -Werror=deprecated-objc-isa-usage -emit-obj -mrelax-all --mrelax-relocations -disable-free -clear-ast-before-backend -disable-llvm-verifier -discard-value-names -main-file-name CMakeCXXCompilerABI.cpp -mrelocation-model pic -pic-level 2 -mframe-pointer=all -ffp-contract=on -fno-rounding-math -funwind-tables=2 -target-sdk-version=11.1 -fcompatibility-qualified-id-block-type-checking -fvisibility-inlines-hidden-static-local-var -target-cpu penryn -tune-cpu generic -mllvm -treat-scalable-fixed-error-as-warning -debugger-tuning=lldb -target-linker-version 609.8 -v -fcoverage-compilation-dir=/private/tmp/gs/builtin/6aec4a09354847f874213d08c0389c2871f97dbfc0087ad89132e352bf81ffa3/CMakeFiles/CMakeTmp -resource-dir /usr/local/Cellar/llvm/14.0.6_1/lib/clang/14.0.6 -dependency-file CMakeFiles/cmTC_d67ec.dir/CMakeCXXCompilerABI.cpp.o.d -MT CMakeFiles/cmTC_d67ec.dir/CMakeCXXCompilerABI.cpp.o -sys-header-deps -isysroot /Applications/Xcode_12.4.app/Contents/Developer/Platforms/MacOSX.platform/Developer/SDKs/MacOSX11.1.sdk -stdlib=libc++ -internal-isystem /usr/local/opt/llvm/bin/../include/c++/v1 -internal-isystem /Applications/Xcode_12.4.app/Contents/Developer/Platforms/MacOSX.platform/Developer/SDKs/MacOSX11.1.sdk/usr/local/include -internal-isystem /usr/local/Cellar/llvm/14.0.6_1/lib/clang/14.0.6/include -internal-externc-isystem /Applications/Xcode_12.4.app/Contents/Developer/Platforms/MacOSX.platform/Developer/SDKs/MacOSX11.1.sdk/usr/include -fdeprecated-macro -fdebug-compilation-dir=/private/tmp/gs/builtin/6aec4a09354847f874213d08c0389c2871f97dbfc0087ad89132e352bf81ffa3/CMakeFiles/CMakeTmp -ferror-limit 19 -stack-protector 1 -fblocks -fencode-extended-block-signature -fregister-global-dtors-with-atexit -fgnuc-version=4.2.1 -fcxx-exceptions -fexceptions -fmax-type-align=16 -D__GCC_HAVE_DWARF2_CFI_ASM=1 -o CMakeFiles/cmTC_d67ec.dir/CMakeCXXCompilerABI.cpp.o -x c++ /usr/local/Cellar/cmake/3.24.1/share/cmake/Modules/CMakeCXXCompilerABI.cpp
clang -cc1 version 14.0.6 based upon LLVM 14.0.6 default target x86_64-apple-darwin19.6.0
ignoring nonexistent directory "/Applications/Xcode_12.4.app/Contents/Developer/Platforms/MacOSX.platform/Developer/SDKs/MacOSX11.1.sdk/usr/local/include"
ignoring nonexistent directory "/Applications/Xcode_12.4.app/Contents/Developer/Platforms/MacOSX.platform/Developer/SDKs/MacOSX11.1.sdk/Library/Frameworks"
#include "..." search starts here:
#include <...> search starts here:
 /usr/local/opt/llvm/bin/../include/c++/v1
 /usr/local/Cellar/llvm/14.0.6_1/lib/clang/14.0.6/include
 /Applications/Xcode_12.4.app/Contents/Developer/Platforms/MacOSX.platform/Developer/SDKs/MacOSX11.1.sdk/usr/include
 /Applications/Xcode_12.4.app/Contents/Developer/Platforms/MacOSX.platform/Developer/SDKs/MacOSX11.1.sdk/System/Library/Frameworks (framework directory)
End of search list.
Linking CXX executable cmTC_d67ec
/usr/local/Cellar/cmake/3.24.1/bin/cmake -E cmake_link_script CMakeFiles/cmTC_d67ec.dir/link.txt --verbose=1
/usr/local/opt/llvm/bin/clang++  -isysroot /Applications/Xcode_12.4.app/Contents/Developer/Platforms/MacOSX.platform/Developer/SDKs/MacOSX11.1.sdk -mmacosx-version-min=10.15 -Wl,-search_paths_first -Wl,-headerpad_max_install_names  -v -Wl,-v CMakeFiles/cmTC_d67ec.dir/CMakeCXXCompilerABI.cpp.o -o cmTC_d67ec 
Homebrew clang version 14.0.6
Target: x86_64-apple-darwin19.6.0
Thread model: posix
InstalledDir: /usr/local/opt/llvm/bin
 "/usr/bin/ld" -demangle -lto_library /usr/local/Cellar/llvm/14.0.6_1/lib/libLTO.dylib -dynamic -arch x86_64 -platform_version macos 10.15.0 11.1 -syslibroot /Library/Developer/CommandLineTools/SDKs/MacOSX10.15.sdk -o cmTC_d67ec -search_paths_first -headerpad_max_install_names -v CMakeFiles/cmTC_d67ec.dir/CMakeCXXCompilerABI.cpp.o -lc++ -lSystem /usr/local/Cellar/llvm/14.0.6_1/lib/clang/14.0.6/lib/darwin/libclang_rt.osx.a
@(#)PROGRAM:ld  PROJECT:ld64-609.8
BUILD 15:07:46 Dec 18 2020
configured to support archs: armv6 armv7 armv7s arm64 arm64e arm64_32 i386 x86_64 x86_64h armv6m armv7k armv7m armv7em
Library search paths:
	/Library/Developer/CommandLineTools/SDKs/MacOSX10.15.sdk/usr/lib
Framework search paths:
	/Library/Developer/CommandLineTools/SDKs/MacOSX10.15.sdk/System/Library/Frameworks/



Parsed CXX implicit include dir info from above output: rv=done
  found start of include info
  found start of implicit include info
    add: [/usr/local/opt/llvm/bin/../include/c++/v1]
    add: [/usr/local/Cellar/llvm/14.0.6_1/lib/clang/14.0.6/include]
    add: [/Applications/Xcode_12.4.app/Contents/Developer/Platforms/MacOSX.platform/Developer/SDKs/MacOSX11.1.sdk/usr/include]
  end of search list found
  collapse include dir [/usr/local/opt/llvm/bin/../include/c++/v1] ==> [/usr/local/opt/llvm/include/c++/v1]
  collapse include dir [/usr/local/Cellar/llvm/14.0.6_1/lib/clang/14.0.6/include] ==> [/usr/local/Cellar/llvm/14.0.6_1/lib/clang/14.0.6/include]
  collapse include dir [/Applications/Xcode_12.4.app/Contents/Developer/Platforms/MacOSX.platform/Developer/SDKs/MacOSX11.1.sdk/usr/include] ==> [/Applications/Xcode_12.4.app/Contents/Developer/Platforms/MacOSX.platform/Developer/SDKs/MacOSX11.1.sdk/usr/include]
  implicit include dirs: [/usr/local/opt/llvm/include/c++/v1;/usr/local/Cellar/llvm/14.0.6_1/lib/clang/14.0.6/include;/Applications/Xcode_12.4.app/Contents/Developer/Platforms/MacOSX.platform/Developer/SDKs/MacOSX11.1.sdk/usr/include]


Parsed CXX implicit link information from above output:
  link line regex: [^( *|.*[/\])(ld\.lld|CMAKE_LINK_STARTFILE-NOTFOUND|([^/\]+-)?ld|collect2)[^/\]*( |$)]
  ignore line: [Change Dir: /tmp/gs/builtin/6aec4a09354847f874213d08c0389c2871f97dbfc0087ad89132e352bf81ffa3/CMakeFiles/CMakeTmp]
  ignore line: []
  ignore line: [Run Build Command(s):/usr/bin/make -f Makefile cmTC_d67ec/fast && /Applications/Xcode_12.4.app/Contents/Developer/usr/bin/make  -f CMakeFiles/cmTC_d67ec.dir/build.make CMakeFiles/cmTC_d67ec.dir/build]
  ignore line: [Building CXX object CMakeFiles/cmTC_d67ec.dir/CMakeCXXCompilerABI.cpp.o]
  ignore line: [/usr/local/opt/llvm/bin/clang++   -isysroot /Applications/Xcode_12.4.app/Contents/Developer/Platforms/MacOSX.platform/Developer/SDKs/MacOSX11.1.sdk -mmacosx-version-min=10.15   -v -Wl -v -MD -MT CMakeFiles/cmTC_d67ec.dir/CMakeCXXCompilerABI.cpp.o -MF CMakeFiles/cmTC_d67ec.dir/CMakeCXXCompilerABI.cpp.o.d -o CMakeFiles/cmTC_d67ec.dir/CMakeCXXCompilerABI.cpp.o -c /usr/local/Cellar/cmake/3.24.1/share/cmake/Modules/CMakeCXXCompilerABI.cpp]
  ignore line: [Homebrew clang version 14.0.6]
  ignore line: [Target: x86_64-apple-darwin19.6.0]
  ignore line: [Thread model: posix]
  ignore line: [InstalledDir: /usr/local/opt/llvm/bin]
  ignore line: [clang-14: warning: -Wl -v: 'linker' input unused [-Wunused-command-line-argument]]
  ignore line: [ (in-process)]
  ignore line: [ "/usr/local/Cellar/llvm/14.0.6_1/bin/clang-14" -cc1 -triple x86_64-apple-macosx10.15.0 -Wundef-prefix=TARGET_OS_ -Werror=undef-prefix -Wdeprecated-objc-isa-usage -Werror=deprecated-objc-isa-usage -emit-obj -mrelax-all --mrelax-relocations -disable-free -clear-ast-before-backend -disable-llvm-verifier -discard-value-names -main-file-name CMakeCXXCompilerABI.cpp -mrelocation-model pic -pic-level 2 -mframe-pointer=all -ffp-contract=on -fno-rounding-math -funwind-tables=2 -target-sdk-version=11.1 -fcompatibility-qualified-id-block-type-checking -fvisibility-inlines-hidden-static-local-var -target-cpu penryn -tune-cpu generic -mllvm -treat-scalable-fixed-error-as-warning -debugger-tuning=lldb -target-linker-version 609.8 -v -fcoverage-compilation-dir=/private/tmp/gs/builtin/6aec4a09354847f874213d08c0389c2871f97dbfc0087ad89132e352bf81ffa3/CMakeFiles/CMakeTmp -resource-dir /usr/local/Cellar/llvm/14.0.6_1/lib/clang/14.0.6 -dependency-file CMakeFiles/cmTC_d67ec.dir/CMakeCXXCompilerABI.cpp.o.d -MT CMakeFiles/cmTC_d67ec.dir/CMakeCXXCompilerABI.cpp.o -sys-header-deps -isysroot /Applications/Xcode_12.4.app/Contents/Developer/Platforms/MacOSX.platform/Developer/SDKs/MacOSX11.1.sdk -stdlib=libc++ -internal-isystem /usr/local/opt/llvm/bin/../include/c++/v1 -internal-isystem /Applications/Xcode_12.4.app/Contents/Developer/Platforms/MacOSX.platform/Developer/SDKs/MacOSX11.1.sdk/usr/local/include -internal-isystem /usr/local/Cellar/llvm/14.0.6_1/lib/clang/14.0.6/include -internal-externc-isystem /Applications/Xcode_12.4.app/Contents/Developer/Platforms/MacOSX.platform/Developer/SDKs/MacOSX11.1.sdk/usr/include -fdeprecated-macro -fdebug-compilation-dir=/private/tmp/gs/builtin/6aec4a09354847f874213d08c0389c2871f97dbfc0087ad89132e352bf81ffa3/CMakeFiles/CMakeTmp -ferror-limit 19 -stack-protector 1 -fblocks -fencode-extended-block-signature -fregister-global-dtors-with-atexit -fgnuc-version=4.2.1 -fcxx-exceptions -fexceptions -fmax-type-align=16 -D__GCC_HAVE_DWARF2_CFI_ASM=1 -o CMakeFiles/cmTC_d67ec.dir/CMakeCXXCompilerABI.cpp.o -x c++ /usr/local/Cellar/cmake/3.24.1/share/cmake/Modules/CMakeCXXCompilerABI.cpp]
  ignore line: [clang -cc1 version 14.0.6 based upon LLVM 14.0.6 default target x86_64-apple-darwin19.6.0]
  ignore line: [ignoring nonexistent directory "/Applications/Xcode_12.4.app/Contents/Developer/Platforms/MacOSX.platform/Developer/SDKs/MacOSX11.1.sdk/usr/local/include"]
  ignore line: [ignoring nonexistent directory "/Applications/Xcode_12.4.app/Contents/Developer/Platforms/MacOSX.platform/Developer/SDKs/MacOSX11.1.sdk/Library/Frameworks"]
  ignore line: [#include "..." search starts here:]
  ignore line: [#include <...> search starts here:]
  ignore line: [ /usr/local/opt/llvm/bin/../include/c++/v1]
  ignore line: [ /usr/local/Cellar/llvm/14.0.6_1/lib/clang/14.0.6/include]
  ignore line: [ /Applications/Xcode_12.4.app/Contents/Developer/Platforms/MacOSX.platform/Developer/SDKs/MacOSX11.1.sdk/usr/include]
  ignore line: [ /Applications/Xcode_12.4.app/Contents/Developer/Platforms/MacOSX.platform/Developer/SDKs/MacOSX11.1.sdk/System/Library/Frameworks (framework directory)]
  ignore line: [End of search list.]
  ignore line: [Linking CXX executable cmTC_d67ec]
  ignore line: [/usr/local/Cellar/cmake/3.24.1/bin/cmake -E cmake_link_script CMakeFiles/cmTC_d67ec.dir/link.txt --verbose=1]
  ignore line: [/usr/local/opt/llvm/bin/clang++  -isysroot /Applications/Xcode_12.4.app/Contents/Developer/Platforms/MacOSX.platform/Developer/SDKs/MacOSX11.1.sdk -mmacosx-version-min=10.15 -Wl -search_paths_first -Wl -headerpad_max_install_names  -v -Wl -v CMakeFiles/cmTC_d67ec.dir/CMakeCXXCompilerABI.cpp.o -o cmTC_d67ec ]
  ignore line: [Homebrew clang version 14.0.6]
  ignore line: [Target: x86_64-apple-darwin19.6.0]
  ignore line: [Thread model: posix]
  ignore line: [InstalledDir: /usr/local/opt/llvm/bin]
  link line: [ "/usr/bin/ld" -demangle -lto_library /usr/local/Cellar/llvm/14.0.6_1/lib/libLTO.dylib -dynamic -arch x86_64 -platform_version macos 10.15.0 11.1 -syslibroot /Library/Developer/CommandLineTools/SDKs/MacOSX10.15.sdk -o cmTC_d67ec -search_paths_first -headerpad_max_install_names -v CMakeFiles/cmTC_d67ec.dir/CMakeCXXCompilerABI.cpp.o -lc++ -lSystem /usr/local/Cellar/llvm/14.0.6_1/lib/clang/14.0.6/lib/darwin/libclang_rt.osx.a]
    arg [/usr/bin/ld] ==> ignore
    arg [-demangle] ==> ignore
    arg [-lto_library] ==> ignore, skip following value
    arg [/usr/local/Cellar/llvm/14.0.6_1/lib/libLTO.dylib] ==> skip value of -lto_library
    arg [-dynamic] ==> ignore
    arg [-arch] ==> ignore
    arg [x86_64] ==> ignore
    arg [-platform_version] ==> ignore
    arg [macos] ==> ignore
    arg [10.15.0] ==> ignore
    arg [11.1] ==> ignore
    arg [-syslibroot] ==> ignore
    arg [/Library/Developer/CommandLineTools/SDKs/MacOSX10.15.sdk] ==> ignore
    arg [-o] ==> ignore
    arg [cmTC_d67ec] ==> ignore
    arg [-search_paths_first] ==> ignore
    arg [-headerpad_max_install_names] ==> ignore
    arg [-v] ==> ignore
    arg [CMakeFiles/cmTC_d67ec.dir/CMakeCXXCompilerABI.cpp.o] ==> ignore
    arg [-lc++] ==> lib [c++]
    arg [-lSystem] ==> lib [System]
    arg [/usr/local/Cellar/llvm/14.0.6_1/lib/clang/14.0.6/lib/darwin/libclang_rt.osx.a] ==> lib [/usr/local/Cellar/llvm/14.0.6_1/lib/clang/14.0.6/lib/darwin/libclang_rt.osx.a]
  Library search paths: [;/Library/Developer/CommandLineTools/SDKs/MacOSX10.15.sdk/usr/lib]
  Framework search paths: [;/Library/Developer/CommandLineTools/SDKs/MacOSX10.15.sdk/System/Library/Frameworks/]
  remove lib [System]
  remove lib [/usr/local/Cellar/llvm/14.0.6_1/lib/clang/14.0.6/lib/darwin/libclang_rt.osx.a]
  collapse library dir [/Library/Developer/CommandLineTools/SDKs/MacOSX10.15.sdk/usr/lib] ==> [/Library/Developer/CommandLineTools/SDKs/MacOSX10.15.sdk/usr/lib]
  collapse framework dir [/Library/Developer/CommandLineTools/SDKs/MacOSX10.15.sdk/System/Library/Frameworks/] ==> [/Library/Developer/CommandLineTools/SDKs/MacOSX10.15.sdk/System/Library/Frameworks]
  implicit libs: [c++]
  implicit objs: []
  implicit dirs: [/Library/Developer/CommandLineTools/SDKs/MacOSX10.15.sdk/usr/lib]
  implicit fwks: [/Library/Developer/CommandLineTools/SDKs/MacOSX10.15.sdk/System/Library/Frameworks]


Performing C++ SOURCE FILE Test W_NO_DEPRECATED_DECLARATIONS succeeded with the following output:
Change Dir: /tmp/gs/builtin/6aec4a09354847f874213d08c0389c2871f97dbfc0087ad89132e352bf81ffa3/CMakeFiles/CMakeTmp

Run Build Command(s):/usr/bin/make -f Makefile cmTC_f5c7c/fast && /Applications/Xcode_12.4.app/Contents/Developer/usr/bin/make  -f CMakeFiles/cmTC_f5c7c.dir/build.make CMakeFiles/cmTC_f5c7c.dir/build
Building CXX object CMakeFiles/cmTC_f5c7c.dir/src.cxx.o
/usr/local/opt/llvm/bin/clang++ -DW_NO_DEPRECATED_DECLARATIONS  -Wall -O0 -g  -isysroot /Applications/Xcode_12.4.app/Contents/Developer/Platforms/MacOSX.platform/Developer/SDKs/MacOSX11.1.sdk -mmacosx-version-min=10.15   -Wno-deprecated-declarations -MD -MT CMakeFiles/cmTC_f5c7c.dir/src.cxx.o -MF CMakeFiles/cmTC_f5c7c.dir/src.cxx.o.d -o CMakeFiles/cmTC_f5c7c.dir/src.cxx.o -c /tmp/gs/builtin/6aec4a09354847f874213d08c0389c2871f97dbfc0087ad89132e352bf81ffa3/CMakeFiles/CMakeTmp/src.cxx
Linking CXX executable cmTC_f5c7c
/usr/local/Cellar/cmake/3.24.1/bin/cmake -E cmake_link_script CMakeFiles/cmTC_f5c7c.dir/link.txt --verbose=1
/usr/local/opt/llvm/bin/clang++  -Wall -O0 -g  -isysroot /Applications/Xcode_12.4.app/Contents/Developer/Platforms/MacOSX.platform/Developer/SDKs/MacOSX11.1.sdk -mmacosx-version-min=10.15 -Wl,-search_paths_first -Wl,-headerpad_max_install_names CMakeFiles/cmTC_f5c7c.dir/src.cxx.o -o cmTC_f5c7c 


Source file was:
int main() { return 0; }
Performing C++ SOURCE FILE Test W_NO_ATTRIBUTES succeeded with the following output:
Change Dir: /tmp/gs/builtin/6aec4a09354847f874213d08c0389c2871f97dbfc0087ad89132e352bf81ffa3/CMakeFiles/CMakeTmp

Run Build Command(s):/usr/bin/make -f Makefile cmTC_6c2cc/fast && /Applications/Xcode_12.4.app/Contents/Developer/usr/bin/make  -f CMakeFiles/cmTC_6c2cc.dir/build.make CMakeFiles/cmTC_6c2cc.dir/build
Building CXX object CMakeFiles/cmTC_6c2cc.dir/src.cxx.o
/usr/local/opt/llvm/bin/clang++ -DW_NO_ATTRIBUTES  -Wall -O0 -g  -isysroot /Applications/Xcode_12.4.app/Contents/Developer/Platforms/MacOSX.platform/Developer/SDKs/MacOSX11.1.sdk -mmacosx-version-min=10.15   -Wno-attributes -MD -MT CMakeFiles/cmTC_6c2cc.dir/src.cxx.o -MF CMakeFiles/cmTC_6c2cc.dir/src.cxx.o.d -o CMakeFiles/cmTC_6c2cc.dir/src.cxx.o -c /tmp/gs/builtin/6aec4a09354847f874213d08c0389c2871f97dbfc0087ad89132e352bf81ffa3/CMakeFiles/CMakeTmp/src.cxx
Linking CXX executable cmTC_6c2cc
/usr/local/Cellar/cmake/3.24.1/bin/cmake -E cmake_link_script CMakeFiles/cmTC_6c2cc.dir/link.txt --verbose=1
/usr/local/opt/llvm/bin/clang++  -Wall -O0 -g  -isysroot /Applications/Xcode_12.4.app/Contents/Developer/Platforms/MacOSX.platform/Developer/SDKs/MacOSX11.1.sdk -mmacosx-version-min=10.15 -Wl,-search_paths_first -Wl,-headerpad_max_install_names CMakeFiles/cmTC_6c2cc.dir/src.cxx.o -o cmTC_6c2cc 


Source file was:
int main() { return 0; }
Performing C++ SOURCE FILE Test W_NO_SIGN_COMPARE succeeded with the following output:
Change Dir: /tmp/gs/builtin/6aec4a09354847f874213d08c0389c2871f97dbfc0087ad89132e352bf81ffa3/CMakeFiles/CMakeTmp

Run Build Command(s):/usr/bin/make -f Makefile cmTC_59fd8/fast && /Applications/Xcode_12.4.app/Contents/Developer/usr/bin/make  -f CMakeFiles/cmTC_59fd8.dir/build.make CMakeFiles/cmTC_59fd8.dir/build
Building CXX object CMakeFiles/cmTC_59fd8.dir/src.cxx.o
/usr/local/opt/llvm/bin/clang++ -DW_NO_SIGN_COMPARE  -Wall -O0 -g  -isysroot /Applications/Xcode_12.4.app/Contents/Developer/Platforms/MacOSX.platform/Developer/SDKs/MacOSX11.1.sdk -mmacosx-version-min=10.15   -Wno-sign-compare -MD -MT CMakeFiles/cmTC_59fd8.dir/src.cxx.o -MF CMakeFiles/cmTC_59fd8.dir/src.cxx.o.d -o CMakeFiles/cmTC_59fd8.dir/src.cxx.o -c /tmp/gs/builtin/6aec4a09354847f874213d08c0389c2871f97dbfc0087ad89132e352bf81ffa3/CMakeFiles/CMakeTmp/src.cxx
Linking CXX executable cmTC_59fd8
/usr/local/Cellar/cmake/3.24.1/bin/cmake -E cmake_link_script CMakeFiles/cmTC_59fd8.dir/link.txt --verbose=1
/usr/local/opt/llvm/bin/clang++  -Wall -O0 -g  -isysroot /Applications/Xcode_12.4.app/Contents/Developer/Platforms/MacOSX.platform/Developer/SDKs/MacOSX11.1.sdk -mmacosx-version-min=10.15 -Wl,-search_paths_first -Wl,-headerpad_max_install_names CMakeFiles/cmTC_59fd8.dir/src.cxx.o -o cmTC_59fd8 


Source file was:
int main() { return 0; }
Performing C++ SOURCE FILE Test W_NO_UNDEF_PREFIX succeeded with the following output:
Change Dir: /tmp/gs/builtin/6aec4a09354847f874213d08c0389c2871f97dbfc0087ad89132e352bf81ffa3/CMakeFiles/CMakeTmp

Run Build Command(s):/usr/bin/make -f Makefile cmTC_c481f/fast && /Applications/Xcode_12.4.app/Contents/Developer/usr/bin/make  -f CMakeFiles/cmTC_c481f.dir/build.make CMakeFiles/cmTC_c481f.dir/build
Building CXX object CMakeFiles/cmTC_c481f.dir/src.cxx.o
/usr/local/opt/llvm/bin/clang++ -DW_NO_UNDEF_PREFIX  -Wall -O0 -g  -isysroot /Applications/Xcode_12.4.app/Contents/Developer/Platforms/MacOSX.platform/Developer/SDKs/MacOSX11.1.sdk -mmacosx-version-min=10.15   -Wno-undef-prefix -MD -MT CMakeFiles/cmTC_c481f.dir/src.cxx.o -MF CMakeFiles/cmTC_c481f.dir/src.cxx.o.d -o CMakeFiles/cmTC_c481f.dir/src.cxx.o -c /tmp/gs/builtin/6aec4a09354847f874213d08c0389c2871f97dbfc0087ad89132e352bf81ffa3/CMakeFiles/CMakeTmp/src.cxx
Linking CXX executable cmTC_c481f
/usr/local/Cellar/cmake/3.24.1/bin/cmake -E cmake_link_script CMakeFiles/cmTC_c481f.dir/link.txt --verbose=1
/usr/local/opt/llvm/bin/clang++  -Wall -O0 -g  -isysroot /Applications/Xcode_12.4.app/Contents/Developer/Platforms/MacOSX.platform/Developer/SDKs/MacOSX11.1.sdk -mmacosx-version-min=10.15 -Wl,-search_paths_first -Wl,-headerpad_max_install_names CMakeFiles/cmTC_c481f.dir/src.cxx.o -o cmTC_c481f 


Source file was:
int main() { return 0; }
Performing C++ SOURCE FILE Test W_NO_UNUSED_RESULT succeeded with the following output:
Change Dir: /tmp/gs/builtin/6aec4a09354847f874213d08c0389c2871f97dbfc0087ad89132e352bf81ffa3/CMakeFiles/CMakeTmp

Run Build Command(s):/usr/bin/make -f Makefile cmTC_13617/fast && /Applications/Xcode_12.4.app/Contents/Developer/usr/bin/make  -f CMakeFiles/cmTC_13617.dir/build.make CMakeFiles/cmTC_13617.dir/build
Building CXX object CMakeFiles/cmTC_13617.dir/src.cxx.o
/usr/local/opt/llvm/bin/clang++ -DW_NO_UNUSED_RESULT  -Wall -O0 -g  -isysroot /Applications/Xcode_12.4.app/Contents/Developer/Platforms/MacOSX.platform/Developer/SDKs/MacOSX11.1.sdk -mmacosx-version-min=10.15   -Wno-unused-result -MD -MT CMakeFiles/cmTC_13617.dir/src.cxx.o -MF CMakeFiles/cmTC_13617.dir/src.cxx.o.d -o CMakeFiles/cmTC_13617.dir/src.cxx.o -c /tmp/gs/builtin/6aec4a09354847f874213d08c0389c2871f97dbfc0087ad89132e352bf81ffa3/CMakeFiles/CMakeTmp/src.cxx
Linking CXX executable cmTC_13617
/usr/local/Cellar/cmake/3.24.1/bin/cmake -E cmake_link_script CMakeFiles/cmTC_13617.dir/link.txt --verbose=1
/usr/local/opt/llvm/bin/clang++  -Wall -O0 -g  -isysroot /Applications/Xcode_12.4.app/Contents/Developer/Platforms/MacOSX.platform/Developer/SDKs/MacOSX11.1.sdk -mmacosx-version-min=10.15 -Wl,-search_paths_first -Wl,-headerpad_max_install_names CMakeFiles/cmTC_13617.dir/src.cxx.o -o cmTC_13617 


Source file was:
int main() { return 0; }
Performing C++ SOURCE FILE Test W_NO_UNUSED_LAMBDA_CAPTURE succeeded with the following output:
Change Dir: /tmp/gs/builtin/6aec4a09354847f874213d08c0389c2871f97dbfc0087ad89132e352bf81ffa3/CMakeFiles/CMakeTmp

Run Build Command(s):/usr/bin/make -f Makefile cmTC_82b13/fast && /Applications/Xcode_12.4.app/Contents/Developer/usr/bin/make  -f CMakeFiles/cmTC_82b13.dir/build.make CMakeFiles/cmTC_82b13.dir/build
Building CXX object CMakeFiles/cmTC_82b13.dir/src.cxx.o
/usr/local/opt/llvm/bin/clang++ -DW_NO_UNUSED_LAMBDA_CAPTURE  -Wall -O0 -g  -isysroot /Applications/Xcode_12.4.app/Contents/Developer/Platforms/MacOSX.platform/Developer/SDKs/MacOSX11.1.sdk -mmacosx-version-min=10.15   -Wno-unused-lambda-capture -MD -MT CMakeFiles/cmTC_82b13.dir/src.cxx.o -MF CMakeFiles/cmTC_82b13.dir/src.cxx.o.d -o CMakeFiles/cmTC_82b13.dir/src.cxx.o -c /tmp/gs/builtin/6aec4a09354847f874213d08c0389c2871f97dbfc0087ad89132e352bf81ffa3/CMakeFiles/CMakeTmp/src.cxx
Linking CXX executable cmTC_82b13
/usr/local/Cellar/cmake/3.24.1/bin/cmake -E cmake_link_script CMakeFiles/cmTC_82b13.dir/link.txt --verbose=1
/usr/local/opt/llvm/bin/clang++  -Wall -O0 -g  -isysroot /Applications/Xcode_12.4.app/Contents/Developer/Platforms/MacOSX.platform/Developer/SDKs/MacOSX11.1.sdk -mmacosx-version-min=10.15 -Wl,-search_paths_first -Wl,-headerpad_max_install_names CMakeFiles/cmTC_82b13.dir/src.cxx.o -o cmTC_82b13 


Source file was:
int main() { return 0; }
Performing C++ SOURCE FILE Test W_NO_UNUSED_BUT_SET_VARIABLE succeeded with the following output:
Change Dir: /tmp/gs/builtin/6aec4a09354847f874213d08c0389c2871f97dbfc0087ad89132e352bf81ffa3/CMakeFiles/CMakeTmp

Run Build Command(s):/usr/bin/make -f Makefile cmTC_65ffd/fast && /Applications/Xcode_12.4.app/Contents/Developer/usr/bin/make  -f CMakeFiles/cmTC_65ffd.dir/build.make CMakeFiles/cmTC_65ffd.dir/build
Building CXX object CMakeFiles/cmTC_65ffd.dir/src.cxx.o
/usr/local/opt/llvm/bin/clang++ -DW_NO_UNUSED_BUT_SET_VARIABLE  -Wall -O0 -g  -isysroot /Applications/Xcode_12.4.app/Contents/Developer/Platforms/MacOSX.platform/Developer/SDKs/MacOSX11.1.sdk -mmacosx-version-min=10.15   -Wno-unused-but-set-variable -MD -MT CMakeFiles/cmTC_65ffd.dir/src.cxx.o -MF CMakeFiles/cmTC_65ffd.dir/src.cxx.o.d -o CMakeFiles/cmTC_65ffd.dir/src.cxx.o -c /tmp/gs/builtin/6aec4a09354847f874213d08c0389c2871f97dbfc0087ad89132e352bf81ffa3/CMakeFiles/CMakeTmp/src.cxx
Linking CXX executable cmTC_65ffd
/usr/local/Cellar/cmake/3.24.1/bin/cmake -E cmake_link_script CMakeFiles/cmTC_65ffd.dir/link.txt --verbose=1
/usr/local/opt/llvm/bin/clang++  -Wall -O0 -g  -isysroot /Applications/Xcode_12.4.app/Contents/Developer/Platforms/MacOSX.platform/Developer/SDKs/MacOSX11.1.sdk -mmacosx-version-min=10.15 -Wl,-search_paths_first -Wl,-headerpad_max_install_names CMakeFiles/cmTC_65ffd.dir/src.cxx.o -o cmTC_65ffd 


Source file was:
int main() { return 0; }
Performing C++ SOURCE FILE Test W_NO_UNKNOWN_PRAGMAS succeeded with the following output:
Change Dir: /tmp/gs/builtin/6aec4a09354847f874213d08c0389c2871f97dbfc0087ad89132e352bf81ffa3/CMakeFiles/CMakeTmp

Run Build Command(s):/usr/bin/make -f Makefile cmTC_620a4/fast && /Applications/Xcode_12.4.app/Contents/Developer/usr/bin/make  -f CMakeFiles/cmTC_620a4.dir/build.make CMakeFiles/cmTC_620a4.dir/build
Building CXX object CMakeFiles/cmTC_620a4.dir/src.cxx.o
/usr/local/opt/llvm/bin/clang++ -DW_NO_UNKNOWN_PRAGMAS  -Wall -O0 -g  -isysroot /Applications/Xcode_12.4.app/Contents/Developer/Platforms/MacOSX.platform/Developer/SDKs/MacOSX11.1.sdk -mmacosx-version-min=10.15   -Wno-unknown-pragmas -MD -MT CMakeFiles/cmTC_620a4.dir/src.cxx.o -MF CMakeFiles/cmTC_620a4.dir/src.cxx.o.d -o CMakeFiles/cmTC_620a4.dir/src.cxx.o -c /tmp/gs/builtin/6aec4a09354847f874213d08c0389c2871f97dbfc0087ad89132e352bf81ffa3/CMakeFiles/CMakeTmp/src.cxx
Linking CXX executable cmTC_620a4
/usr/local/Cellar/cmake/3.24.1/bin/cmake -E cmake_link_script CMakeFiles/cmTC_620a4.dir/link.txt --verbose=1
/usr/local/opt/llvm/bin/clang++  -Wall -O0 -g  -isysroot /Applications/Xcode_12.4.app/Contents/Developer/Platforms/MacOSX.platform/Developer/SDKs/MacOSX11.1.sdk -mmacosx-version-min=10.15 -Wl,-search_paths_first -Wl,-headerpad_max_install_names CMakeFiles/cmTC_620a4.dir/src.cxx.o -o cmTC_620a4 


Source file was:
int main() { return 0; }
Performing C++ SOURCE FILE Test W_NO_UNUSED_VARIABLE succeeded with the following output:
Change Dir: /tmp/gs/builtin/6aec4a09354847f874213d08c0389c2871f97dbfc0087ad89132e352bf81ffa3/CMakeFiles/CMakeTmp

Run Build Command(s):/usr/bin/make -f Makefile cmTC_d0fdf/fast && /Applications/Xcode_12.4.app/Contents/Developer/usr/bin/make  -f CMakeFiles/cmTC_d0fdf.dir/build.make CMakeFiles/cmTC_d0fdf.dir/build
Building CXX object CMakeFiles/cmTC_d0fdf.dir/src.cxx.o
/usr/local/opt/llvm/bin/clang++ -DW_NO_UNUSED_VARIABLE  -Wall -O0 -g  -isysroot /Applications/Xcode_12.4.app/Contents/Developer/Platforms/MacOSX.platform/Developer/SDKs/MacOSX11.1.sdk -mmacosx-version-min=10.15   -Wno-unused-variable -MD -MT CMakeFiles/cmTC_d0fdf.dir/src.cxx.o -MF CMakeFiles/cmTC_d0fdf.dir/src.cxx.o.d -o CMakeFiles/cmTC_d0fdf.dir/src.cxx.o -c /tmp/gs/builtin/6aec4a09354847f874213d08c0389c2871f97dbfc0087ad89132e352bf81ffa3/CMakeFiles/CMakeTmp/src.cxx
Linking CXX executable cmTC_d0fdf
/usr/local/Cellar/cmake/3.24.1/bin/cmake -E cmake_link_script CMakeFiles/cmTC_d0fdf.dir/link.txt --verbose=1
/usr/local/opt/llvm/bin/clang++  -Wall -O0 -g  -isysroot /Applications/Xcode_12.4.app/Contents/Developer/Platforms/MacOSX.platform/Developer/SDKs/MacOSX11.1.sdk -mmacosx-version-min=10.15 -Wl,-search_paths_first -Wl,-headerpad_max_install_names CMakeFiles/cmTC_d0fdf.dir/src.cxx.o -o cmTC_d0fdf 


Source file was:
int main() { return 0; }
Performing C++ SOURCE FILE Test W_NO_REDUNDANT_MOVE succeeded with the following output:
Change Dir: /tmp/gs/builtin/6aec4a09354847f874213d08c0389c2871f97dbfc0087ad89132e352bf81ffa3/CMakeFiles/CMakeTmp

Run Build Command(s):/usr/bin/make -f Makefile cmTC_26793/fast && /Applications/Xcode_12.4.app/Contents/Developer/usr/bin/make  -f CMakeFiles/cmTC_26793.dir/build.make CMakeFiles/cmTC_26793.dir/build
Building CXX object CMakeFiles/cmTC_26793.dir/src.cxx.o
/usr/local/opt/llvm/bin/clang++ -DW_NO_REDUNDANT_MOVE  -Wall -O0 -g  -isysroot /Applications/Xcode_12.4.app/Contents/Developer/Platforms/MacOSX.platform/Developer/SDKs/MacOSX11.1.sdk -mmacosx-version-min=10.15   -Wno-redundant-move -MD -MT CMakeFiles/cmTC_26793.dir/src.cxx.o -MF CMakeFiles/cmTC_26793.dir/src.cxx.o.d -o CMakeFiles/cmTC_26793.dir/src.cxx.o -c /tmp/gs/builtin/6aec4a09354847f874213d08c0389c2871f97dbfc0087ad89132e352bf81ffa3/CMakeFiles/CMakeTmp/src.cxx
Linking CXX executable cmTC_26793
/usr/local/Cellar/cmake/3.24.1/bin/cmake -E cmake_link_script CMakeFiles/cmTC_26793.dir/link.txt --verbose=1
/usr/local/opt/llvm/bin/clang++  -Wall -O0 -g  -isysroot /Applications/Xcode_12.4.app/Contents/Developer/Platforms/MacOSX.platform/Developer/SDKs/MacOSX11.1.sdk -mmacosx-version-min=10.15 -Wl,-search_paths_first -Wl,-headerpad_max_install_names CMakeFiles/cmTC_26793.dir/src.cxx.o -o cmTC_26793 


Source file was:
int main() { return 0; }
Performing C SOURCE FILE Test CMAKE_HAVE_LIBC_PTHREAD succeeded with the following output:
Change Dir: /tmp/gs/builtin/6aec4a09354847f874213d08c0389c2871f97dbfc0087ad89132e352bf81ffa3/CMakeFiles/CMakeTmp

Run Build Command(s):/usr/bin/make -f Makefile cmTC_082e1/fast && /Applications/Xcode_12.4.app/Contents/Developer/usr/bin/make  -f CMakeFiles/cmTC_082e1.dir/build.make CMakeFiles/cmTC_082e1.dir/build
Building C object CMakeFiles/cmTC_082e1.dir/src.c.o
/usr/local/opt/llvm/bin/clang -DCMAKE_HAVE_LIBC_PTHREAD  -isysroot /Applications/Xcode_12.4.app/Contents/Developer/Platforms/MacOSX.platform/Developer/SDKs/MacOSX11.1.sdk -mmacosx-version-min=10.15 -MD -MT CMakeFiles/cmTC_082e1.dir/src.c.o -MF CMakeFiles/cmTC_082e1.dir/src.c.o.d -o CMakeFiles/cmTC_082e1.dir/src.c.o -c /tmp/gs/builtin/6aec4a09354847f874213d08c0389c2871f97dbfc0087ad89132e352bf81ffa3/CMakeFiles/CMakeTmp/src.c
Linking C executable cmTC_082e1
/usr/local/Cellar/cmake/3.24.1/bin/cmake -E cmake_link_script CMakeFiles/cmTC_082e1.dir/link.txt --verbose=1
/usr/local/opt/llvm/bin/clang  -isysroot /Applications/Xcode_12.4.app/Contents/Developer/Platforms/MacOSX.platform/Developer/SDKs/MacOSX11.1.sdk -mmacosx-version-min=10.15 -Wl,-search_paths_first -Wl,-headerpad_max_install_names CMakeFiles/cmTC_082e1.dir/src.c.o -o cmTC_082e1 


Source file was:
#include <pthread.h>

static void* test_func(void* data)
{
  return data;
}

int main(void)
{
  pthread_t thread;
  pthread_create(&thread, NULL, test_func, NULL);
  pthread_detach(thread);
  pthread_cancel(thread);
  pthread_join(thread, NULL);
  pthread_atfork(NULL, NULL, NULL);
  pthread_exit(NULL);

  return 0;
}

Determining if the BZ2_bzCompressInit exist passed with the following output:
Change Dir: /tmp/gs/builtin/6aec4a09354847f874213d08c0389c2871f97dbfc0087ad89132e352bf81ffa3/CMakeFiles/CMakeTmp

Run Build Command(s):/usr/bin/make -f Makefile cmTC_8bd17/fast && /Applications/Xcode_12.4.app/Contents/Developer/usr/bin/make  -f CMakeFiles/cmTC_8bd17.dir/build.make CMakeFiles/cmTC_8bd17.dir/build
Building C object CMakeFiles/cmTC_8bd17.dir/CheckSymbolExists.c.o
/usr/local/opt/llvm/bin/clang   -isysroot /Applications/Xcode_12.4.app/Contents/Developer/Platforms/MacOSX.platform/Developer/SDKs/MacOSX11.1.sdk -mmacosx-version-min=10.15 -MD -MT CMakeFiles/cmTC_8bd17.dir/CheckSymbolExists.c.o -MF CMakeFiles/cmTC_8bd17.dir/CheckSymbolExists.c.o.d -o CMakeFiles/cmTC_8bd17.dir/CheckSymbolExists.c.o -c /tmp/gs/builtin/6aec4a09354847f874213d08c0389c2871f97dbfc0087ad89132e352bf81ffa3/CMakeFiles/CMakeTmp/CheckSymbolExists.c
Linking C executable cmTC_8bd17
/usr/local/Cellar/cmake/3.24.1/bin/cmake -E cmake_link_script CMakeFiles/cmTC_8bd17.dir/link.txt --verbose=1
/usr/local/opt/llvm/bin/clang  -isysroot /Applications/Xcode_12.4.app/Contents/Developer/Platforms/MacOSX.platform/Developer/SDKs/MacOSX11.1.sdk -mmacosx-version-min=10.15 -Wl,-search_paths_first -Wl,-headerpad_max_install_names CMakeFiles/cmTC_8bd17.dir/CheckSymbolExists.c.o -o cmTC_8bd17  /Applications/Xcode_12.4.app/Contents/Developer/Platforms/MacOSX.platform/Developer/SDKs/MacOSX11.1.sdk/usr/lib/libbz2.tbd 


File /tmp/gs/builtin/6aec4a09354847f874213d08c0389c2871f97dbfc0087ad89132e352bf81ffa3/CMakeFiles/CMakeTmp/CheckSymbolExists.c:
/* */
#include <bzlib.h>

int main(int argc, char** argv)
{
  (void)argv;
#ifndef BZ2_bzCompressInit
  return ((int*)(&BZ2_bzCompressInit))[argc];
#else
  (void)argc;
  return 0;
#endif
}
Detecting C OpenMP compiler ABI info compiled with the following output:
Change Dir: /tmp/gs/builtin/6aec4a09354847f874213d08c0389c2871f97dbfc0087ad89132e352bf81ffa3/CMakeFiles/CMakeTmp

Run Build Command(s):/usr/bin/make -f Makefile cmTC_5a6df/fast && /Applications/Xcode_12.4.app/Contents/Developer/usr/bin/make  -f CMakeFiles/cmTC_5a6df.dir/build.make CMakeFiles/cmTC_5a6df.dir/build
Building C object CMakeFiles/cmTC_5a6df.dir/OpenMPTryFlag.c.o
/usr/local/opt/llvm/bin/clang   -fopenmp=libomp -v -isysroot /Applications/Xcode_12.4.app/Contents/Developer/Platforms/MacOSX.platform/Developer/SDKs/MacOSX11.1.sdk -mmacosx-version-min=10.15 -MD -MT CMakeFiles/cmTC_5a6df.dir/OpenMPTryFlag.c.o -MF CMakeFiles/cmTC_5a6df.dir/OpenMPTryFlag.c.o.d -o CMakeFiles/cmTC_5a6df.dir/OpenMPTryFlag.c.o -c /tmp/gs/builtin/6aec4a09354847f874213d08c0389c2871f97dbfc0087ad89132e352bf81ffa3/CMakeFiles/FindOpenMP/OpenMPTryFlag.c
Homebrew clang version 14.0.6
Target: x86_64-apple-darwin19.6.0
Thread model: posix
InstalledDir: /usr/local/opt/llvm/bin
 (in-process)
 "/usr/local/Cellar/llvm/14.0.6_1/bin/clang-14" -cc1 -triple x86_64-apple-macosx10.15.0 -Wundef-prefix=TARGET_OS_ -Werror=undef-prefix -Wdeprecated-objc-isa-usage -Werror=deprecated-objc-isa-usage -emit-obj -mrelax-all --mrelax-relocations -disable-free -clear-ast-before-backend -disable-llvm-verifier -discard-value-names -main-file-name OpenMPTryFlag.c -mrelocation-model pic -pic-level 2 -mframe-pointer=all -ffp-contract=on -fno-rounding-math -funwind-tables=2 -target-sdk-version=11.1 -fcompatibility-qualified-id-block-type-checking -fvisibility-inlines-hidden-static-local-var -target-cpu penryn -tune-cpu generic -mllvm -treat-scalable-fixed-error-as-warning -debugger-tuning=lldb -target-linker-version 609.8 -v -fcoverage-compilation-dir=/private/tmp/gs/builtin/6aec4a09354847f874213d08c0389c2871f97dbfc0087ad89132e352bf81ffa3/CMakeFiles/CMakeTmp -resource-dir /usr/local/Cellar/llvm/14.0.6_1/lib/clang/14.0.6 -dependency-file CMakeFiles/cmTC_5a6df.dir/OpenMPTryFlag.c.o.d -MT CMakeFiles/cmTC_5a6df.dir/OpenMPTryFlag.c.o -sys-header-deps -isysroot /Applications/Xcode_12.4.app/Contents/Developer/Platforms/MacOSX.platform/Developer/SDKs/MacOSX11.1.sdk -internal-isystem /Applications/Xcode_12.4.app/Contents/Developer/Platforms/MacOSX.platform/Developer/SDKs/MacOSX11.1.sdk/usr/local/include -internal-isystem /usr/local/Cellar/llvm/14.0.6_1/lib/clang/14.0.6/include -internal-externc-isystem /Applications/Xcode_12.4.app/Contents/Developer/Platforms/MacOSX.platform/Developer/SDKs/MacOSX11.1.sdk/usr/include -fdebug-compilation-dir=/private/tmp/gs/builtin/6aec4a09354847f874213d08c0389c2871f97dbfc0087ad89132e352bf81ffa3/CMakeFiles/CMakeTmp -ferror-limit 19 -fopenmp -fopenmp-target-new-runtime -stack-protector 1 -fblocks -fencode-extended-block-signature -fregister-global-dtors-with-atexit -fgnuc-version=4.2.1 -fmax-type-align=16 -D__GCC_HAVE_DWARF2_CFI_ASM=1 -o CMakeFiles/cmTC_5a6df.dir/OpenMPTryFlag.c.o -x c /tmp/gs/builtin/6aec4a09354847f874213d08c0389c2871f97dbfc0087ad89132e352bf81ffa3/CMakeFiles/FindOpenMP/OpenMPTryFlag.c
clang -cc1 version 14.0.6 based upon LLVM 14.0.6 default target x86_64-apple-darwin19.6.0
ignoring nonexistent directory "/Applications/Xcode_12.4.app/Contents/Developer/Platforms/MacOSX.platform/Developer/SDKs/MacOSX11.1.sdk/usr/local/include"
ignoring nonexistent directory "/Applications/Xcode_12.4.app/Contents/Developer/Platforms/MacOSX.platform/Developer/SDKs/MacOSX11.1.sdk/Library/Frameworks"
#include "..." search starts here:
#include <...> search starts here:
 /usr/local/Cellar/llvm/14.0.6_1/lib/clang/14.0.6/include
 /Applications/Xcode_12.4.app/Contents/Developer/Platforms/MacOSX.platform/Developer/SDKs/MacOSX11.1.sdk/usr/include
 /Applications/Xcode_12.4.app/Contents/Developer/Platforms/MacOSX.platform/Developer/SDKs/MacOSX11.1.sdk/System/Library/Frameworks (framework directory)
End of search list.
Linking C executable cmTC_5a6df
/usr/local/Cellar/cmake/3.24.1/bin/cmake -E cmake_link_script CMakeFiles/cmTC_5a6df.dir/link.txt --verbose=1
/usr/local/opt/llvm/bin/clang  -fopenmp=libomp -v -isysroot /Applications/Xcode_12.4.app/Contents/Developer/Platforms/MacOSX.platform/Developer/SDKs/MacOSX11.1.sdk -mmacosx-version-min=10.15 -Wl,-search_paths_first -Wl,-headerpad_max_install_names  -L/usr/local/lib  CMakeFiles/cmTC_5a6df.dir/OpenMPTryFlag.c.o -o cmTC_5a6df  -v -Wl,-v 
Homebrew clang version 14.0.6
Target: x86_64-apple-darwin19.6.0
Thread model: posix
InstalledDir: /usr/local/opt/llvm/bin
 "/usr/bin/ld" -demangle -lto_library /usr/local/Cellar/llvm/14.0.6_1/lib/libLTO.dylib -dynamic -arch x86_64 -platform_version macos 10.15.0 11.1 -syslibroot /Library/Developer/CommandLineTools/SDKs/MacOSX10.15.sdk -o cmTC_5a6df -L/usr/local/lib -search_paths_first -headerpad_max_install_names CMakeFiles/cmTC_5a6df.dir/OpenMPTryFlag.c.o -v -lomp -rpath /usr/local/Cellar/llvm/14.0.6_1/lib -L/usr/local/Cellar/llvm/14.0.6_1/lib -lSystem /usr/local/Cellar/llvm/14.0.6_1/lib/clang/14.0.6/lib/darwin/libclang_rt.osx.a
@(#)PROGRAM:ld  PROJECT:ld64-609.8
BUILD 15:07:46 Dec 18 2020
configured to support archs: armv6 armv7 armv7s arm64 arm64e arm64_32 i386 x86_64 x86_64h armv6m armv7k armv7m armv7em
Library search paths:
	/usr/local/lib
	/usr/local/Cellar/llvm/14.0.6_1/lib
	/Library/Developer/CommandLineTools/SDKs/MacOSX10.15.sdk/usr/lib
Framework search paths:
	/Library/Developer/CommandLineTools/SDKs/MacOSX10.15.sdk/System/Library/Frameworks/



Parsed C OpenMP implicit link information from above output:
  link line regex: [^( *|.*[/\])(ld\.lld|CMAKE_LINK_STARTFILE-NOTFOUND|([^/\]+-)?ld|collect2)[^/\]*( |$)]
  ignore line: [Change Dir: /tmp/gs/builtin/6aec4a09354847f874213d08c0389c2871f97dbfc0087ad89132e352bf81ffa3/CMakeFiles/CMakeTmp]
  ignore line: []
  ignore line: [Run Build Command(s):/usr/bin/make -f Makefile cmTC_5a6df/fast && /Applications/Xcode_12.4.app/Contents/Developer/usr/bin/make  -f CMakeFiles/cmTC_5a6df.dir/build.make CMakeFiles/cmTC_5a6df.dir/build]
  ignore line: [Building C object CMakeFiles/cmTC_5a6df.dir/OpenMPTryFlag.c.o]
  ignore line: [/usr/local/opt/llvm/bin/clang   -fopenmp=libomp -v -isysroot /Applications/Xcode_12.4.app/Contents/Developer/Platforms/MacOSX.platform/Developer/SDKs/MacOSX11.1.sdk -mmacosx-version-min=10.15 -MD -MT CMakeFiles/cmTC_5a6df.dir/OpenMPTryFlag.c.o -MF CMakeFiles/cmTC_5a6df.dir/OpenMPTryFlag.c.o.d -o CMakeFiles/cmTC_5a6df.dir/OpenMPTryFlag.c.o -c /tmp/gs/builtin/6aec4a09354847f874213d08c0389c2871f97dbfc0087ad89132e352bf81ffa3/CMakeFiles/FindOpenMP/OpenMPTryFlag.c]
  ignore line: [Homebrew clang version 14.0.6]
  ignore line: [Target: x86_64-apple-darwin19.6.0]
  ignore line: [Thread model: posix]
  ignore line: [InstalledDir: /usr/local/opt/llvm/bin]
  ignore line: [ (in-process)]
  ignore line: [ "/usr/local/Cellar/llvm/14.0.6_1/bin/clang-14" -cc1 -triple x86_64-apple-macosx10.15.0 -Wundef-prefix=TARGET_OS_ -Werror=undef-prefix -Wdeprecated-objc-isa-usage -Werror=deprecated-objc-isa-usage -emit-obj -mrelax-all --mrelax-relocations -disable-free -clear-ast-before-backend -disable-llvm-verifier -discard-value-names -main-file-name OpenMPTryFlag.c -mrelocation-model pic -pic-level 2 -mframe-pointer=all -ffp-contract=on -fno-rounding-math -funwind-tables=2 -target-sdk-version=11.1 -fcompatibility-qualified-id-block-type-checking -fvisibility-inlines-hidden-static-local-var -target-cpu penryn -tune-cpu generic -mllvm -treat-scalable-fixed-error-as-warning -debugger-tuning=lldb -target-linker-version 609.8 -v -fcoverage-compilation-dir=/private/tmp/gs/builtin/6aec4a09354847f874213d08c0389c2871f97dbfc0087ad89132e352bf81ffa3/CMakeFiles/CMakeTmp -resource-dir /usr/local/Cellar/llvm/14.0.6_1/lib/clang/14.0.6 -dependency-file CMakeFiles/cmTC_5a6df.dir/OpenMPTryFlag.c.o.d -MT CMakeFiles/cmTC_5a6df.dir/OpenMPTryFlag.c.o -sys-header-deps -isysroot /Applications/Xcode_12.4.app/Contents/Developer/Platforms/MacOSX.platform/Developer/SDKs/MacOSX11.1.sdk -internal-isystem /Applications/Xcode_12.4.app/Contents/Developer/Platforms/MacOSX.platform/Developer/SDKs/MacOSX11.1.sdk/usr/local/include -internal-isystem /usr/local/Cellar/llvm/14.0.6_1/lib/clang/14.0.6/include -internal-externc-isystem /Applications/Xcode_12.4.app/Contents/Developer/Platforms/MacOSX.platform/Developer/SDKs/MacOSX11.1.sdk/usr/include -fdebug-compilation-dir=/private/tmp/gs/builtin/6aec4a09354847f874213d08c0389c2871f97dbfc0087ad89132e352bf81ffa3/CMakeFiles/CMakeTmp -ferror-limit 19 -fopenmp -fopenmp-target-new-runtime -stack-protector 1 -fblocks -fencode-extended-block-signature -fregister-global-dtors-with-atexit -fgnuc-version=4.2.1 -fmax-type-align=16 -D__GCC_HAVE_DWARF2_CFI_ASM=1 -o CMakeFiles/cmTC_5a6df.dir/OpenMPTryFlag.c.o -x c /tmp/gs/builtin/6aec4a09354847f874213d08c0389c2871f97dbfc0087ad89132e352bf81ffa3/CMakeFiles/FindOpenMP/OpenMPTryFlag.c]
  ignore line: [clang -cc1 version 14.0.6 based upon LLVM 14.0.6 default target x86_64-apple-darwin19.6.0]
  ignore line: [ignoring nonexistent directory "/Applications/Xcode_12.4.app/Contents/Developer/Platforms/MacOSX.platform/Developer/SDKs/MacOSX11.1.sdk/usr/local/include"]
  ignore line: [ignoring nonexistent directory "/Applications/Xcode_12.4.app/Contents/Developer/Platforms/MacOSX.platform/Developer/SDKs/MacOSX11.1.sdk/Library/Frameworks"]
  ignore line: [#include "..." search starts here:]
  ignore line: [#include <...> search starts here:]
  ignore line: [ /usr/local/Cellar/llvm/14.0.6_1/lib/clang/14.0.6/include]
  ignore line: [ /Applications/Xcode_12.4.app/Contents/Developer/Platforms/MacOSX.platform/Developer/SDKs/MacOSX11.1.sdk/usr/include]
  ignore line: [ /Applications/Xcode_12.4.app/Contents/Developer/Platforms/MacOSX.platform/Developer/SDKs/MacOSX11.1.sdk/System/Library/Frameworks (framework directory)]
  ignore line: [End of search list.]
  ignore line: [Linking C executable cmTC_5a6df]
  ignore line: [/usr/local/Cellar/cmake/3.24.1/bin/cmake -E cmake_link_script CMakeFiles/cmTC_5a6df.dir/link.txt --verbose=1]
  ignore line: [/usr/local/opt/llvm/bin/clang  -fopenmp=libomp -v -isysroot /Applications/Xcode_12.4.app/Contents/Developer/Platforms/MacOSX.platform/Developer/SDKs/MacOSX11.1.sdk -mmacosx-version-min=10.15 -Wl -search_paths_first -Wl -headerpad_max_install_names  -L/usr/local/lib  CMakeFiles/cmTC_5a6df.dir/OpenMPTryFlag.c.o -o cmTC_5a6df  -v -Wl -v ]
  ignore line: [Homebrew clang version 14.0.6]
  ignore line: [Target: x86_64-apple-darwin19.6.0]
  ignore line: [Thread model: posix]
  ignore line: [InstalledDir: /usr/local/opt/llvm/bin]
  link line: [ "/usr/bin/ld" -demangle -lto_library /usr/local/Cellar/llvm/14.0.6_1/lib/libLTO.dylib -dynamic -arch x86_64 -platform_version macos 10.15.0 11.1 -syslibroot /Library/Developer/CommandLineTools/SDKs/MacOSX10.15.sdk -o cmTC_5a6df -L/usr/local/lib -search_paths_first -headerpad_max_install_names CMakeFiles/cmTC_5a6df.dir/OpenMPTryFlag.c.o -v -lomp -rpath /usr/local/Cellar/llvm/14.0.6_1/lib -L/usr/local/Cellar/llvm/14.0.6_1/lib -lSystem /usr/local/Cellar/llvm/14.0.6_1/lib/clang/14.0.6/lib/darwin/libclang_rt.osx.a]
    arg [/usr/bin/ld] ==> ignore
    arg [-demangle] ==> ignore
    arg [-lto_library] ==> ignore, skip following value
    arg [/usr/local/Cellar/llvm/14.0.6_1/lib/libLTO.dylib] ==> skip value of -lto_library
    arg [-dynamic] ==> ignore
    arg [-arch] ==> ignore
    arg [x86_64] ==> ignore
    arg [-platform_version] ==> ignore
    arg [macos] ==> ignore
    arg [10.15.0] ==> ignore
    arg [11.1] ==> ignore
    arg [-syslibroot] ==> ignore
    arg [/Library/Developer/CommandLineTools/SDKs/MacOSX10.15.sdk] ==> ignore
    arg [-o] ==> ignore
    arg [cmTC_5a6df] ==> ignore
    arg [-L/usr/local/lib] ==> dir [/usr/local/lib]
    arg [-search_paths_first] ==> ignore
    arg [-headerpad_max_install_names] ==> ignore
    arg [CMakeFiles/cmTC_5a6df.dir/OpenMPTryFlag.c.o] ==> ignore
    arg [-v] ==> ignore
    arg [-lomp] ==> lib [omp]
    arg [-rpath] ==> ignore
    arg [/usr/local/Cellar/llvm/14.0.6_1/lib] ==> ignore
    arg [-L/usr/local/Cellar/llvm/14.0.6_1/lib] ==> dir [/usr/local/Cellar/llvm/14.0.6_1/lib]
    arg [-lSystem] ==> lib [System]
    arg [/usr/local/Cellar/llvm/14.0.6_1/lib/clang/14.0.6/lib/darwin/libclang_rt.osx.a] ==> lib [/usr/local/Cellar/llvm/14.0.6_1/lib/clang/14.0.6/lib/darwin/libclang_rt.osx.a]
  Library search paths: [;/usr/local/lib;/usr/local/Cellar/llvm/14.0.6_1/lib;/Library/Developer/CommandLineTools/SDKs/MacOSX10.15.sdk/usr/lib]
  Framework search paths: [;/Library/Developer/CommandLineTools/SDKs/MacOSX10.15.sdk/System/Library/Frameworks/]
  remove lib [System]
  remove lib [/usr/local/Cellar/llvm/14.0.6_1/lib/clang/14.0.6/lib/darwin/libclang_rt.osx.a]
  collapse library dir [/usr/local/lib] ==> [/usr/local/lib]
  collapse library dir [/usr/local/Cellar/llvm/14.0.6_1/lib] ==> [/usr/local/Cellar/llvm/14.0.6_1/lib]
  collapse library dir [/usr/local/lib] ==> [/usr/local/lib]
  collapse library dir [/usr/local/Cellar/llvm/14.0.6_1/lib] ==> [/usr/local/Cellar/llvm/14.0.6_1/lib]
  collapse library dir [/Library/Developer/CommandLineTools/SDKs/MacOSX10.15.sdk/usr/lib] ==> [/Library/Developer/CommandLineTools/SDKs/MacOSX10.15.sdk/usr/lib]
  collapse framework dir [/Library/Developer/CommandLineTools/SDKs/MacOSX10.15.sdk/System/Library/Frameworks/] ==> [/Library/Developer/CommandLineTools/SDKs/MacOSX10.15.sdk/System/Library/Frameworks]
  implicit libs: [omp]
  implicit objs: []
  implicit dirs: [/usr/local/lib;/usr/local/Cellar/llvm/14.0.6_1/lib;/Library/Developer/CommandLineTools/SDKs/MacOSX10.15.sdk/usr/lib]
  implicit fwks: [/Library/Developer/CommandLineTools/SDKs/MacOSX10.15.sdk/System/Library/Frameworks]


Detecting CXX OpenMP compiler ABI info compiled with the following output:
Change Dir: /tmp/gs/builtin/6aec4a09354847f874213d08c0389c2871f97dbfc0087ad89132e352bf81ffa3/CMakeFiles/CMakeTmp

Run Build Command(s):/usr/bin/make -f Makefile cmTC_6d8ca/fast && /Applications/Xcode_12.4.app/Contents/Developer/usr/bin/make  -f CMakeFiles/cmTC_6d8ca.dir/build.make CMakeFiles/cmTC_6d8ca.dir/build
Building CXX object CMakeFiles/cmTC_6d8ca.dir/OpenMPTryFlag.cpp.o
/usr/local/opt/llvm/bin/clang++   -Wall -O0 -g -Wno-deprecated-declarations -Wno-attributes -Wno-sign-compare -Wno-undef-prefix -Wno-unused-result -Wno-unused-lambda-capture -Wno-unused-but-set-variable -Wno-unknown-pragmas -Wno-unused-variable -Wno-redundant-move -fopenmp=libomp -v -isysroot /Applications/Xcode_12.4.app/Contents/Developer/Platforms/MacOSX.platform/Developer/SDKs/MacOSX11.1.sdk -mmacosx-version-min=10.15 -MD -MT CMakeFiles/cmTC_6d8ca.dir/OpenMPTryFlag.cpp.o -MF CMakeFiles/cmTC_6d8ca.dir/OpenMPTryFlag.cpp.o.d -o CMakeFiles/cmTC_6d8ca.dir/OpenMPTryFlag.cpp.o -c /tmp/gs/builtin/6aec4a09354847f874213d08c0389c2871f97dbfc0087ad89132e352bf81ffa3/CMakeFiles/FindOpenMP/OpenMPTryFlag.cpp
Homebrew clang version 14.0.6
Target: x86_64-apple-darwin19.6.0
Thread model: posix
InstalledDir: /usr/local/opt/llvm/bin
 (in-process)
 "/usr/local/Cellar/llvm/14.0.6_1/bin/clang-14" -cc1 -triple x86_64-apple-macosx10.15.0 -Wundef-prefix=TARGET_OS_ -Werror=undef-prefix -Wdeprecated-objc-isa-usage -Werror=deprecated-objc-isa-usage -emit-obj -mrelax-all --mrelax-relocations -disable-free -clear-ast-before-backend -disable-llvm-verifier -discard-value-names -main-file-name OpenMPTryFlag.cpp -mrelocation-model pic -pic-level 2 -mframe-pointer=all -ffp-contract=on -fno-rounding-math -funwind-tables=2 -target-sdk-version=11.1 -fcompatibility-qualified-id-block-type-checking -fvisibility-inlines-hidden-static-local-var -target-cpu penryn -tune-cpu generic -mllvm -treat-scalable-fixed-error-as-warning -debug-info-kind=standalone -dwarf-version=4 -debugger-tuning=lldb -target-linker-version 609.8 -v -fcoverage-compilation-dir=/private/tmp/gs/builtin/6aec4a09354847f874213d08c0389c2871f97dbfc0087ad89132e352bf81ffa3/CMakeFiles/CMakeTmp -resource-dir /usr/local/Cellar/llvm/14.0.6_1/lib/clang/14.0.6 -dependency-file CMakeFiles/cmTC_6d8ca.dir/OpenMPTryFlag.cpp.o.d -MT CMakeFiles/cmTC_6d8ca.dir/OpenMPTryFlag.cpp.o -sys-header-deps -isysroot /Applications/Xcode_12.4.app/Contents/Developer/Platforms/MacOSX.platform/Developer/SDKs/MacOSX11.1.sdk -stdlib=libc++ -internal-isystem /usr/local/opt/llvm/bin/../include/c++/v1 -internal-isystem /Applications/Xcode_12.4.app/Contents/Developer/Platforms/MacOSX.platform/Developer/SDKs/MacOSX11.1.sdk/usr/local/include -internal-isystem /usr/local/Cellar/llvm/14.0.6_1/lib/clang/14.0.6/include -internal-externc-isystem /Applications/Xcode_12.4.app/Contents/Developer/Platforms/MacOSX.platform/Developer/SDKs/MacOSX11.1.sdk/usr/include -O0 -Wall -Wno-deprecated-declarations -Wno-attributes -Wno-sign-compare -Wno-undef-prefix -Wno-unused-result -Wno-unused-lambda-capture -Wno-unused-but-set-variable -Wno-unknown-pragmas -Wno-unused-variable -Wno-redundant-move -fdeprecated-macro -fdebug-compilation-dir=/private/tmp/gs/builtin/6aec4a09354847f874213d08c0389c2871f97dbfc0087ad89132e352bf81ffa3/CMakeFiles/CMakeTmp -ferror-limit 19 -fopenmp -fopenmp-target-new-runtime -stack-protector 1 -fblocks -fencode-extended-block-signature -fregister-global-dtors-with-atexit -fgnuc-version=4.2.1 -fcxx-exceptions -fexceptions -fmax-type-align=16 -D__GCC_HAVE_DWARF2_CFI_ASM=1 -o CMakeFiles/cmTC_6d8ca.dir/OpenMPTryFlag.cpp.o -x c++ /tmp/gs/builtin/6aec4a09354847f874213d08c0389c2871f97dbfc0087ad89132e352bf81ffa3/CMakeFiles/FindOpenMP/OpenMPTryFlag.cpp
clang -cc1 version 14.0.6 based upon LLVM 14.0.6 default target x86_64-apple-darwin19.6.0
ignoring nonexistent directory "/Applications/Xcode_12.4.app/Contents/Developer/Platforms/MacOSX.platform/Developer/SDKs/MacOSX11.1.sdk/usr/local/include"
ignoring nonexistent directory "/Applications/Xcode_12.4.app/Contents/Developer/Platforms/MacOSX.platform/Developer/SDKs/MacOSX11.1.sdk/Library/Frameworks"
#include "..." search starts here:
#include <...> search starts here:
 /usr/local/opt/llvm/bin/../include/c++/v1
 /usr/local/Cellar/llvm/14.0.6_1/lib/clang/14.0.6/include
 /Applications/Xcode_12.4.app/Contents/Developer/Platforms/MacOSX.platform/Developer/SDKs/MacOSX11.1.sdk/usr/include
 /Applications/Xcode_12.4.app/Contents/Developer/Platforms/MacOSX.platform/Developer/SDKs/MacOSX11.1.sdk/System/Library/Frameworks (framework directory)
End of search list.
Linking CXX executable cmTC_6d8ca
/usr/local/Cellar/cmake/3.24.1/bin/cmake -E cmake_link_script CMakeFiles/cmTC_6d8ca.dir/link.txt --verbose=1
/usr/local/opt/llvm/bin/clang++  -Wall -O0 -g -Wno-deprecated-declarations -Wno-attributes -Wno-sign-compare -Wno-undef-prefix -Wno-unused-result -Wno-unused-lambda-capture -Wno-unused-but-set-variable -Wno-unknown-pragmas -Wno-unused-variable -Wno-redundant-move -fopenmp=libomp -v -isysroot /Applications/Xcode_12.4.app/Contents/Developer/Platforms/MacOSX.platform/Developer/SDKs/MacOSX11.1.sdk -mmacosx-version-min=10.15 -Wl,-search_paths_first -Wl,-headerpad_max_install_names  -L/usr/local/lib  CMakeFiles/cmTC_6d8ca.dir/OpenMPTryFlag.cpp.o -o cmTC_6d8ca  -v -Wl,-v 
Homebrew clang version 14.0.6
Target: x86_64-apple-darwin19.6.0
Thread model: posix
InstalledDir: /usr/local/opt/llvm/bin
 "/usr/bin/ld" -demangle -lto_library /usr/local/Cellar/llvm/14.0.6_1/lib/libLTO.dylib -no_deduplicate -dynamic -arch x86_64 -platform_version macos 10.15.0 11.1 -syslibroot /Library/Developer/CommandLineTools/SDKs/MacOSX10.15.sdk -o cmTC_6d8ca -L/usr/local/lib -search_paths_first -headerpad_max_install_names CMakeFiles/cmTC_6d8ca.dir/OpenMPTryFlag.cpp.o -v -lomp -rpath /usr/local/Cellar/llvm/14.0.6_1/lib -L/usr/local/Cellar/llvm/14.0.6_1/lib -lc++ -lSystem /usr/local/Cellar/llvm/14.0.6_1/lib/clang/14.0.6/lib/darwin/libclang_rt.osx.a
@(#)PROGRAM:ld  PROJECT:ld64-609.8
BUILD 15:07:46 Dec 18 2020
configured to support archs: armv6 armv7 armv7s arm64 arm64e arm64_32 i386 x86_64 x86_64h armv6m armv7k armv7m armv7em
Library search paths:
	/usr/local/lib
	/usr/local/Cellar/llvm/14.0.6_1/lib
	/Library/Developer/CommandLineTools/SDKs/MacOSX10.15.sdk/usr/lib
Framework search paths:
	/Library/Developer/CommandLineTools/SDKs/MacOSX10.15.sdk/System/Library/Frameworks/



Parsed CXX OpenMP implicit link information from above output:
  link line regex: [^( *|.*[/\])(ld\.lld|CMAKE_LINK_STARTFILE-NOTFOUND|([^/\]+-)?ld|collect2)[^/\]*( |$)]
  ignore line: [Change Dir: /tmp/gs/builtin/6aec4a09354847f874213d08c0389c2871f97dbfc0087ad89132e352bf81ffa3/CMakeFiles/CMakeTmp]
  ignore line: []
  ignore line: [Run Build Command(s):/usr/bin/make -f Makefile cmTC_6d8ca/fast && /Applications/Xcode_12.4.app/Contents/Developer/usr/bin/make  -f CMakeFiles/cmTC_6d8ca.dir/build.make CMakeFiles/cmTC_6d8ca.dir/build]
  ignore line: [Building CXX object CMakeFiles/cmTC_6d8ca.dir/OpenMPTryFlag.cpp.o]
  ignore line: [/usr/local/opt/llvm/bin/clang++   -Wall -O0 -g -Wno-deprecated-declarations -Wno-attributes -Wno-sign-compare -Wno-undef-prefix -Wno-unused-result -Wno-unused-lambda-capture -Wno-unused-but-set-variable -Wno-unknown-pragmas -Wno-unused-variable -Wno-redundant-move -fopenmp=libomp -v -isysroot /Applications/Xcode_12.4.app/Contents/Developer/Platforms/MacOSX.platform/Developer/SDKs/MacOSX11.1.sdk -mmacosx-version-min=10.15 -MD -MT CMakeFiles/cmTC_6d8ca.dir/OpenMPTryFlag.cpp.o -MF CMakeFiles/cmTC_6d8ca.dir/OpenMPTryFlag.cpp.o.d -o CMakeFiles/cmTC_6d8ca.dir/OpenMPTryFlag.cpp.o -c /tmp/gs/builtin/6aec4a09354847f874213d08c0389c2871f97dbfc0087ad89132e352bf81ffa3/CMakeFiles/FindOpenMP/OpenMPTryFlag.cpp]
  ignore line: [Homebrew clang version 14.0.6]
  ignore line: [Target: x86_64-apple-darwin19.6.0]
  ignore line: [Thread model: posix]
  ignore line: [InstalledDir: /usr/local/opt/llvm/bin]
  ignore line: [ (in-process)]
  ignore line: [ "/usr/local/Cellar/llvm/14.0.6_1/bin/clang-14" -cc1 -triple x86_64-apple-macosx10.15.0 -Wundef-prefix=TARGET_OS_ -Werror=undef-prefix -Wdeprecated-objc-isa-usage -Werror=deprecated-objc-isa-usage -emit-obj -mrelax-all --mrelax-relocations -disable-free -clear-ast-before-backend -disable-llvm-verifier -discard-value-names -main-file-name OpenMPTryFlag.cpp -mrelocation-model pic -pic-level 2 -mframe-pointer=all -ffp-contract=on -fno-rounding-math -funwind-tables=2 -target-sdk-version=11.1 -fcompatibility-qualified-id-block-type-checking -fvisibility-inlines-hidden-static-local-var -target-cpu penryn -tune-cpu generic -mllvm -treat-scalable-fixed-error-as-warning -debug-info-kind=standalone -dwarf-version=4 -debugger-tuning=lldb -target-linker-version 609.8 -v -fcoverage-compilation-dir=/private/tmp/gs/builtin/6aec4a09354847f874213d08c0389c2871f97dbfc0087ad89132e352bf81ffa3/CMakeFiles/CMakeTmp -resource-dir /usr/local/Cellar/llvm/14.0.6_1/lib/clang/14.0.6 -dependency-file CMakeFiles/cmTC_6d8ca.dir/OpenMPTryFlag.cpp.o.d -MT CMakeFiles/cmTC_6d8ca.dir/OpenMPTryFlag.cpp.o -sys-header-deps -isysroot /Applications/Xcode_12.4.app/Contents/Developer/Platforms/MacOSX.platform/Developer/SDKs/MacOSX11.1.sdk -stdlib=libc++ -internal-isystem /usr/local/opt/llvm/bin/../include/c++/v1 -internal-isystem /Applications/Xcode_12.4.app/Contents/Developer/Platforms/MacOSX.platform/Developer/SDKs/MacOSX11.1.sdk/usr/local/include -internal-isystem /usr/local/Cellar/llvm/14.0.6_1/lib/clang/14.0.6/include -internal-externc-isystem /Applications/Xcode_12.4.app/Contents/Developer/Platforms/MacOSX.platform/Developer/SDKs/MacOSX11.1.sdk/usr/include -O0 -Wall -Wno-deprecated-declarations -Wno-attributes -Wno-sign-compare -Wno-undef-prefix -Wno-unused-result -Wno-unused-lambda-capture -Wno-unused-but-set-variable -Wno-unknown-pragmas -Wno-unused-variable -Wno-redundant-move -fdeprecated-macro -fdebug-compilation-dir=/private/tmp/gs/builtin/6aec4a09354847f874213d08c0389c2871f97dbfc0087ad89132e352bf81ffa3/CMakeFiles/CMakeTmp -ferror-limit 19 -fopenmp -fopenmp-target-new-runtime -stack-protector 1 -fblocks -fencode-extended-block-signature -fregister-global-dtors-with-atexit -fgnuc-version=4.2.1 -fcxx-exceptions -fexceptions -fmax-type-align=16 -D__GCC_HAVE_DWARF2_CFI_ASM=1 -o CMakeFiles/cmTC_6d8ca.dir/OpenMPTryFlag.cpp.o -x c++ /tmp/gs/builtin/6aec4a09354847f874213d08c0389c2871f97dbfc0087ad89132e352bf81ffa3/CMakeFiles/FindOpenMP/OpenMPTryFlag.cpp]
  ignore line: [clang -cc1 version 14.0.6 based upon LLVM 14.0.6 default target x86_64-apple-darwin19.6.0]
  ignore line: [ignoring nonexistent directory "/Applications/Xcode_12.4.app/Contents/Developer/Platforms/MacOSX.platform/Developer/SDKs/MacOSX11.1.sdk/usr/local/include"]
  ignore line: [ignoring nonexistent directory "/Applications/Xcode_12.4.app/Contents/Developer/Platforms/MacOSX.platform/Developer/SDKs/MacOSX11.1.sdk/Library/Frameworks"]
  ignore line: [#include "..." search starts here:]
  ignore line: [#include <...> search starts here:]
  ignore line: [ /usr/local/opt/llvm/bin/../include/c++/v1]
  ignore line: [ /usr/local/Cellar/llvm/14.0.6_1/lib/clang/14.0.6/include]
  ignore line: [ /Applications/Xcode_12.4.app/Contents/Developer/Platforms/MacOSX.platform/Developer/SDKs/MacOSX11.1.sdk/usr/include]
  ignore line: [ /Applications/Xcode_12.4.app/Contents/Developer/Platforms/MacOSX.platform/Developer/SDKs/MacOSX11.1.sdk/System/Library/Frameworks (framework directory)]
  ignore line: [End of search list.]
  ignore line: [Linking CXX executable cmTC_6d8ca]
  ignore line: [/usr/local/Cellar/cmake/3.24.1/bin/cmake -E cmake_link_script CMakeFiles/cmTC_6d8ca.dir/link.txt --verbose=1]
  ignore line: [/usr/local/opt/llvm/bin/clang++  -Wall -O0 -g -Wno-deprecated-declarations -Wno-attributes -Wno-sign-compare -Wno-undef-prefix -Wno-unused-result -Wno-unused-lambda-capture -Wno-unused-but-set-variable -Wno-unknown-pragmas -Wno-unused-variable -Wno-redundant-move -fopenmp=libomp -v -isysroot /Applications/Xcode_12.4.app/Contents/Developer/Platforms/MacOSX.platform/Developer/SDKs/MacOSX11.1.sdk -mmacosx-version-min=10.15 -Wl -search_paths_first -Wl -headerpad_max_install_names  -L/usr/local/lib  CMakeFiles/cmTC_6d8ca.dir/OpenMPTryFlag.cpp.o -o cmTC_6d8ca  -v -Wl -v ]
  ignore line: [Homebrew clang version 14.0.6]
  ignore line: [Target: x86_64-apple-darwin19.6.0]
  ignore line: [Thread model: posix]
  ignore line: [InstalledDir: /usr/local/opt/llvm/bin]
  link line: [ "/usr/bin/ld" -demangle -lto_library /usr/local/Cellar/llvm/14.0.6_1/lib/libLTO.dylib -no_deduplicate -dynamic -arch x86_64 -platform_version macos 10.15.0 11.1 -syslibroot /Library/Developer/CommandLineTools/SDKs/MacOSX10.15.sdk -o cmTC_6d8ca -L/usr/local/lib -search_paths_first -headerpad_max_install_names CMakeFiles/cmTC_6d8ca.dir/OpenMPTryFlag.cpp.o -v -lomp -rpath /usr/local/Cellar/llvm/14.0.6_1/lib -L/usr/local/Cellar/llvm/14.0.6_1/lib -lc++ -lSystem /usr/local/Cellar/llvm/14.0.6_1/lib/clang/14.0.6/lib/darwin/libclang_rt.osx.a]
    arg [/usr/bin/ld] ==> ignore
    arg [-demangle] ==> ignore
    arg [-lto_library] ==> ignore, skip following value
    arg [/usr/local/Cellar/llvm/14.0.6_1/lib/libLTO.dylib] ==> skip value of -lto_library
    arg [-no_deduplicate] ==> ignore
    arg [-dynamic] ==> ignore
    arg [-arch] ==> ignore
    arg [x86_64] ==> ignore
    arg [-platform_version] ==> ignore
    arg [macos] ==> ignore
    arg [10.15.0] ==> ignore
    arg [11.1] ==> ignore
    arg [-syslibroot] ==> ignore
    arg [/Library/Developer/CommandLineTools/SDKs/MacOSX10.15.sdk] ==> ignore
    arg [-o] ==> ignore
    arg [cmTC_6d8ca] ==> ignore
    arg [-L/usr/local/lib] ==> dir [/usr/local/lib]
    arg [-search_paths_first] ==> ignore
    arg [-headerpad_max_install_names] ==> ignore
    arg [CMakeFiles/cmTC_6d8ca.dir/OpenMPTryFlag.cpp.o] ==> ignore
    arg [-v] ==> ignore
    arg [-lomp] ==> lib [omp]
    arg [-rpath] ==> ignore
    arg [/usr/local/Cellar/llvm/14.0.6_1/lib] ==> ignore
    arg [-L/usr/local/Cellar/llvm/14.0.6_1/lib] ==> dir [/usr/local/Cellar/llvm/14.0.6_1/lib]
    arg [-lc++] ==> lib [c++]
    arg [-lSystem] ==> lib [System]
    arg [/usr/local/Cellar/llvm/14.0.6_1/lib/clang/14.0.6/lib/darwin/libclang_rt.osx.a] ==> lib [/usr/local/Cellar/llvm/14.0.6_1/lib/clang/14.0.6/lib/darwin/libclang_rt.osx.a]
  Library search paths: [;/usr/local/lib;/usr/local/Cellar/llvm/14.0.6_1/lib;/Library/Developer/CommandLineTools/SDKs/MacOSX10.15.sdk/usr/lib]
  Framework search paths: [;/Library/Developer/CommandLineTools/SDKs/MacOSX10.15.sdk/System/Library/Frameworks/]
  remove lib [System]
  remove lib [/usr/local/Cellar/llvm/14.0.6_1/lib/clang/14.0.6/lib/darwin/libclang_rt.osx.a]
  collapse library dir [/usr/local/lib] ==> [/usr/local/lib]
  collapse library dir [/usr/local/Cellar/llvm/14.0.6_1/lib] ==> [/usr/local/Cellar/llvm/14.0.6_1/lib]
  collapse library dir [/usr/local/lib] ==> [/usr/local/lib]
  collapse library dir [/usr/local/Cellar/llvm/14.0.6_1/lib] ==> [/usr/local/Cellar/llvm/14.0.6_1/lib]
  collapse library dir [/Library/Developer/CommandLineTools/SDKs/MacOSX10.15.sdk/usr/lib] ==> [/Library/Developer/CommandLineTools/SDKs/MacOSX10.15.sdk/usr/lib]
  collapse framework dir [/Library/Developer/CommandLineTools/SDKs/MacOSX10.15.sdk/System/Library/Frameworks/] ==> [/Library/Developer/CommandLineTools/SDKs/MacOSX10.15.sdk/System/Library/Frameworks]
  implicit libs: [omp;c++]
  implicit objs: []
  implicit dirs: [/usr/local/lib;/usr/local/Cellar/llvm/14.0.6_1/lib;/Library/Developer/CommandLineTools/SDKs/MacOSX10.15.sdk/usr/lib]
  implicit fwks: [/Library/Developer/CommandLineTools/SDKs/MacOSX10.15.sdk/System/Library/Frameworks]


